The system is: Darwin - 21.3.0 - x86_64
Compiling the C compiler identification source file "CMakeCCompilerId.c" succeeded.
Compiler: /Applications/Xcode.app/Contents/Developer/Toolchains/XcodeDefault.xctoolchain/usr/bin/cc 
Build flags: 
Id flags: -c 

The output was:
0


Compilation of the C compiler identification source "CMakeCCompilerId.c" produced "CMakeCCompilerId.o"

The C compiler identification is AppleClang, found in "/Users/weichijunbo/Documents/YFlow/build/CMakeFiles/3.16.2/CompilerIdC/CMakeCCompilerId.o"

Compiling the CXX compiler identification source file "CMakeCXXCompilerId.cpp" succeeded.
Compiler: /Applications/Xcode.app/Contents/Developer/Toolchains/XcodeDefault.xctoolchain/usr/bin/c++ 
Build flags: 
Id flags: -c 

The output was:
0


Compilation of the CXX compiler identification source "CMakeCXXCompilerId.cpp" produced "CMakeCXXCompilerId.o"

The CXX compiler identification is AppleClang, found in "/Users/weichijunbo/Documents/YFlow/build/CMakeFiles/3.16.2/CompilerIdCXX/CMakeCXXCompilerId.o"

Determining if the C compiler works passed with the following output:
Change Dir: /Users/weichijunbo/Documents/YFlow/build/CMakeFiles/CMakeTmp

Run Build Command(s):/usr/bin/make cmTC_61133/fast && /Applications/Xcode.app/Contents/Developer/usr/bin/make -f CMakeFiles/cmTC_61133.dir/build.make CMakeFiles/cmTC_61133.dir/build
Building C object CMakeFiles/cmTC_61133.dir/testCCompiler.c.o
/Applications/Xcode.app/Contents/Developer/Toolchains/XcodeDefault.xctoolchain/usr/bin/cc   -isysroot /Applications/Xcode.app/Contents/Developer/Platforms/MacOSX.platform/Developer/SDKs/MacOSX12.1.sdk   -o CMakeFiles/cmTC_61133.dir/testCCompiler.c.o   -c /Users/weichijunbo/Documents/YFlow/build/CMakeFiles/CMakeTmp/testCCompiler.c
Linking C executable cmTC_61133
/usr/local/Cellar/cmake/3.16.2/bin/cmake -E cmake_link_script CMakeFiles/cmTC_61133.dir/link.txt --verbose=1
/Applications/Xcode.app/Contents/Developer/Toolchains/XcodeDefault.xctoolchain/usr/bin/cc   -isysroot /Applications/Xcode.app/Contents/Developer/Platforms/MacOSX.platform/Developer/SDKs/MacOSX12.1.sdk -Wl,-search_paths_first -Wl,-headerpad_max_install_names   CMakeFiles/cmTC_61133.dir/testCCompiler.c.o  -o cmTC_61133 



Detecting C compiler ABI info compiled with the following output:
Change Dir: /Users/weichijunbo/Documents/YFlow/build/CMakeFiles/CMakeTmp

Run Build Command(s):/usr/bin/make cmTC_8402e/fast && /Applications/Xcode.app/Contents/Developer/usr/bin/make -f CMakeFiles/cmTC_8402e.dir/build.make CMakeFiles/cmTC_8402e.dir/build
Building C object CMakeFiles/cmTC_8402e.dir/CMakeCCompilerABI.c.o
/Applications/Xcode.app/Contents/Developer/Toolchains/XcodeDefault.xctoolchain/usr/bin/cc   -isysroot /Applications/Xcode.app/Contents/Developer/Platforms/MacOSX.platform/Developer/SDKs/MacOSX12.1.sdk   -v -Wl,-v -o CMakeFiles/cmTC_8402e.dir/CMakeCCompilerABI.c.o   -c /usr/local/Cellar/cmake/3.16.2/share/cmake/Modules/CMakeCCompilerABI.c
Apple clang version 13.0.0 (clang-1300.0.29.30)
Target: x86_64-apple-darwin21.3.0
Thread model: posix
InstalledDir: /Applications/Xcode.app/Contents/Developer/Toolchains/XcodeDefault.xctoolchain/usr/bin
clang: warning: -Wl,-v: 'linker' input unused [-Wunused-command-line-argument]
 "/Applications/Xcode.app/Contents/Developer/Toolchains/XcodeDefault.xctoolchain/usr/bin/clang" -cc1 -triple x86_64-apple-macosx12.0.0 -Wundef-prefix=TARGET_OS_ -Wdeprecated-objc-isa-usage -Werror=deprecated-objc-isa-usage -Werror=implicit-function-declaration -emit-obj -mrelax-all --mrelax-relocations -disable-free -disable-llvm-verifier -discard-value-names -main-file-name CMakeCCompilerABI.c -mrelocation-model pic -pic-level 2 -mframe-pointer=all -fno-strict-return -fno-rounding-math -munwind-tables -target-sdk-version=12.1 -fvisibility-inlines-hidden-static-local-var -target-cpu penryn -tune-cpu generic -debugger-tuning=lldb -target-linker-version 711 -v -resource-dir /Applications/Xcode.app/Contents/Developer/Toolchains/XcodeDefault.xctoolchain/usr/lib/clang/13.0.0 -isysroot /Applications/Xcode.app/Contents/Developer/Platforms/MacOSX.platform/Developer/SDKs/MacOSX12.1.sdk -internal-isystem /Applications/Xcode.app/Contents/Developer/Platforms/MacOSX.platform/Developer/SDKs/MacOSX12.1.sdk/usr/local/include -internal-isystem /Applications/Xcode.app/Contents/Developer/Toolchains/XcodeDefault.xctoolchain/usr/lib/clang/13.0.0/include -internal-externc-isystem /Applications/Xcode.app/Contents/Developer/Platforms/MacOSX.platform/Developer/SDKs/MacOSX12.1.sdk/usr/include -internal-externc-isystem /Applications/Xcode.app/Contents/Developer/Toolchains/XcodeDefault.xctoolchain/usr/include -Wno-reorder-init-list -Wno-implicit-int-float-conversion -Wno-c99-designator -Wno-final-dtor-non-final-class -Wno-extra-semi-stmt -Wno-misleading-indentation -Wno-quoted-include-in-framework-header -Wno-implicit-fallthrough -Wno-enum-enum-conversion -Wno-enum-float-conversion -Wno-elaborated-enum-base -fdebug-compilation-dir /Users/weichijunbo/Documents/YFlow/build/CMakeFiles/CMakeTmp -ferror-limit 19 -stack-protector 1 -fstack-check -mdarwin-stkchk-strong-link -fblocks -fencode-extended-block-signature -fregister-global-dtors-with-atexit -fgnuc-version=4.2.1 -fmax-type-align=16 -fcommon -clang-vendor-feature=+nullptrToBoolConversion -clang-vendor-feature=+messageToSelfInClassMethodIdReturnType -clang-vendor-feature=+disableInferNewAvailabilityFromInit -clang-vendor-feature=+disableNeonImmediateRangeCheck -clang-vendor-feature=+disableNonDependentMemberExprInCurrentInstantiation -fno-odr-hash-protocols -clang-vendor-feature=+revert09abecef7bbf -mllvm -disable-aligned-alloc-awareness=1 -mllvm -enable-dse-memoryssa=0 -o CMakeFiles/cmTC_8402e.dir/CMakeCCompilerABI.c.o -x c /usr/local/Cellar/cmake/3.16.2/share/cmake/Modules/CMakeCCompilerABI.c
clang -cc1 version 13.0.0 (clang-1300.0.29.30) default target x86_64-apple-darwin21.3.0
ignoring nonexistent directory "/Applications/Xcode.app/Contents/Developer/Platforms/MacOSX.platform/Developer/SDKs/MacOSX12.1.sdk/usr/local/include"
ignoring nonexistent directory "/Applications/Xcode.app/Contents/Developer/Platforms/MacOSX.platform/Developer/SDKs/MacOSX12.1.sdk/Library/Frameworks"
#include "..." search starts here:
#include <...> search starts here:
 /Applications/Xcode.app/Contents/Developer/Toolchains/XcodeDefault.xctoolchain/usr/lib/clang/13.0.0/include
 /Applications/Xcode.app/Contents/Developer/Platforms/MacOSX.platform/Developer/SDKs/MacOSX12.1.sdk/usr/include
 /Applications/Xcode.app/Contents/Developer/Toolchains/XcodeDefault.xctoolchain/usr/include
 /Applications/Xcode.app/Contents/Developer/Platforms/MacOSX.platform/Developer/SDKs/MacOSX12.1.sdk/System/Library/Frameworks (framework directory)
End of search list.
Linking C executable cmTC_8402e
/usr/local/Cellar/cmake/3.16.2/bin/cmake -E cmake_link_script CMakeFiles/cmTC_8402e.dir/link.txt --verbose=1
/Applications/Xcode.app/Contents/Developer/Toolchains/XcodeDefault.xctoolchain/usr/bin/cc   -isysroot /Applications/Xcode.app/Contents/Developer/Platforms/MacOSX.platform/Developer/SDKs/MacOSX12.1.sdk -Wl,-search_paths_first -Wl,-headerpad_max_install_names  -v -Wl,-v CMakeFiles/cmTC_8402e.dir/CMakeCCompilerABI.c.o  -o cmTC_8402e 
Apple clang version 13.0.0 (clang-1300.0.29.30)
Target: x86_64-apple-darwin21.3.0
Thread model: posix
InstalledDir: /Applications/Xcode.app/Contents/Developer/Toolchains/XcodeDefault.xctoolchain/usr/bin
 "/Applications/Xcode.app/Contents/Developer/Toolchains/XcodeDefault.xctoolchain/usr/bin/ld" -demangle -lto_library /Applications/Xcode.app/Contents/Developer/Toolchains/XcodeDefault.xctoolchain/usr/lib/libLTO.dylib -dynamic -arch x86_64 -platform_version macos 12.0.0 12.1 -syslibroot /Applications/Xcode.app/Contents/Developer/Platforms/MacOSX.platform/Developer/SDKs/MacOSX12.1.sdk -o cmTC_8402e -search_paths_first -headerpad_max_install_names -v CMakeFiles/cmTC_8402e.dir/CMakeCCompilerABI.c.o -lSystem /Applications/Xcode.app/Contents/Developer/Toolchains/XcodeDefault.xctoolchain/usr/lib/clang/13.0.0/lib/darwin/libclang_rt.osx.a
@(#)PROGRAM:ld  PROJECT:ld64-711
BUILD 21:57:11 Nov 17 2021
configured to support archs: armv6 armv7 armv7s arm64 arm64e arm64_32 i386 x86_64 x86_64h armv6m armv7k armv7m armv7em
Library search paths:
	/Applications/Xcode.app/Contents/Developer/Platforms/MacOSX.platform/Developer/SDKs/MacOSX12.1.sdk/usr/lib
Framework search paths:
	/Applications/Xcode.app/Contents/Developer/Platforms/MacOSX.platform/Developer/SDKs/MacOSX12.1.sdk/System/Library/Frameworks/



Parsed C implicit include dir info from above output: rv=done
  found start of include info
  found start of implicit include info
    add: [/Applications/Xcode.app/Contents/Developer/Toolchains/XcodeDefault.xctoolchain/usr/lib/clang/13.0.0/include]
    add: [/Applications/Xcode.app/Contents/Developer/Platforms/MacOSX.platform/Developer/SDKs/MacOSX12.1.sdk/usr/include]
    add: [/Applications/Xcode.app/Contents/Developer/Toolchains/XcodeDefault.xctoolchain/usr/include]
  end of search list found
  collapse include dir [/Applications/Xcode.app/Contents/Developer/Toolchains/XcodeDefault.xctoolchain/usr/lib/clang/13.0.0/include] ==> [/Applications/Xcode.app/Contents/Developer/Toolchains/XcodeDefault.xctoolchain/usr/lib/clang/13.0.0/include]
  collapse include dir [/Applications/Xcode.app/Contents/Developer/Platforms/MacOSX.platform/Developer/SDKs/MacOSX12.1.sdk/usr/include] ==> [/Applications/Xcode.app/Contents/Developer/Platforms/MacOSX.platform/Developer/SDKs/MacOSX12.1.sdk/usr/include]
  collapse include dir [/Applications/Xcode.app/Contents/Developer/Toolchains/XcodeDefault.xctoolchain/usr/include] ==> [/Applications/Xcode.app/Contents/Developer/Toolchains/XcodeDefault.xctoolchain/usr/include]
  implicit include dirs: [/Applications/Xcode.app/Contents/Developer/Toolchains/XcodeDefault.xctoolchain/usr/lib/clang/13.0.0/include;/Applications/Xcode.app/Contents/Developer/Platforms/MacOSX.platform/Developer/SDKs/MacOSX12.1.sdk/usr/include;/Applications/Xcode.app/Contents/Developer/Toolchains/XcodeDefault.xctoolchain/usr/include]


Parsed C implicit link information from above output:
  link line regex: [^( *|.*[/\])(ld|CMAKE_LINK_STARTFILE-NOTFOUND|([^/\]+-)?ld|collect2)[^/\]*( |$)]
  ignore line: [Change Dir: /Users/weichijunbo/Documents/YFlow/build/CMakeFiles/CMakeTmp]
  ignore line: []
  ignore line: [Run Build Command(s):/usr/bin/make cmTC_8402e/fast && /Applications/Xcode.app/Contents/Developer/usr/bin/make -f CMakeFiles/cmTC_8402e.dir/build.make CMakeFiles/cmTC_8402e.dir/build]
  ignore line: [Building C object CMakeFiles/cmTC_8402e.dir/CMakeCCompilerABI.c.o]
  ignore line: [/Applications/Xcode.app/Contents/Developer/Toolchains/XcodeDefault.xctoolchain/usr/bin/cc   -isysroot /Applications/Xcode.app/Contents/Developer/Platforms/MacOSX.platform/Developer/SDKs/MacOSX12.1.sdk   -v -Wl -v -o CMakeFiles/cmTC_8402e.dir/CMakeCCompilerABI.c.o   -c /usr/local/Cellar/cmake/3.16.2/share/cmake/Modules/CMakeCCompilerABI.c]
  ignore line: [Apple clang version 13.0.0 (clang-1300.0.29.30)]
  ignore line: [Target: x86_64-apple-darwin21.3.0]
  ignore line: [Thread model: posix]
  ignore line: [InstalledDir: /Applications/Xcode.app/Contents/Developer/Toolchains/XcodeDefault.xctoolchain/usr/bin]
  ignore line: [clang: warning: -Wl -v: 'linker' input unused [-Wunused-command-line-argument]]
  ignore line: [ "/Applications/Xcode.app/Contents/Developer/Toolchains/XcodeDefault.xctoolchain/usr/bin/clang" -cc1 -triple x86_64-apple-macosx12.0.0 -Wundef-prefix=TARGET_OS_ -Wdeprecated-objc-isa-usage -Werror=deprecated-objc-isa-usage -Werror=implicit-function-declaration -emit-obj -mrelax-all --mrelax-relocations -disable-free -disable-llvm-verifier -discard-value-names -main-file-name CMakeCCompilerABI.c -mrelocation-model pic -pic-level 2 -mframe-pointer=all -fno-strict-return -fno-rounding-math -munwind-tables -target-sdk-version=12.1 -fvisibility-inlines-hidden-static-local-var -target-cpu penryn -tune-cpu generic -debugger-tuning=lldb -target-linker-version 711 -v -resource-dir /Applications/Xcode.app/Contents/Developer/Toolchains/XcodeDefault.xctoolchain/usr/lib/clang/13.0.0 -isysroot /Applications/Xcode.app/Contents/Developer/Platforms/MacOSX.platform/Developer/SDKs/MacOSX12.1.sdk -internal-isystem /Applications/Xcode.app/Contents/Developer/Platforms/MacOSX.platform/Developer/SDKs/MacOSX12.1.sdk/usr/local/include -internal-isystem /Applications/Xcode.app/Contents/Developer/Toolchains/XcodeDefault.xctoolchain/usr/lib/clang/13.0.0/include -internal-externc-isystem /Applications/Xcode.app/Contents/Developer/Platforms/MacOSX.platform/Developer/SDKs/MacOSX12.1.sdk/usr/include -internal-externc-isystem /Applications/Xcode.app/Contents/Developer/Toolchains/XcodeDefault.xctoolchain/usr/include -Wno-reorder-init-list -Wno-implicit-int-float-conversion -Wno-c99-designator -Wno-final-dtor-non-final-class -Wno-extra-semi-stmt -Wno-misleading-indentation -Wno-quoted-include-in-framework-header -Wno-implicit-fallthrough -Wno-enum-enum-conversion -Wno-enum-float-conversion -Wno-elaborated-enum-base -fdebug-compilation-dir /Users/weichijunbo/Documents/YFlow/build/CMakeFiles/CMakeTmp -ferror-limit 19 -stack-protector 1 -fstack-check -mdarwin-stkchk-strong-link -fblocks -fencode-extended-block-signature -fregister-global-dtors-with-atexit -fgnuc-version=4.2.1 -fmax-type-align=16 -fcommon -clang-vendor-feature=+nullptrToBoolConversion -clang-vendor-feature=+messageToSelfInClassMethodIdReturnType -clang-vendor-feature=+disableInferNewAvailabilityFromInit -clang-vendor-feature=+disableNeonImmediateRangeCheck -clang-vendor-feature=+disableNonDependentMemberExprInCurrentInstantiation -fno-odr-hash-protocols -clang-vendor-feature=+revert09abecef7bbf -mllvm -disable-aligned-alloc-awareness=1 -mllvm -enable-dse-memoryssa=0 -o CMakeFiles/cmTC_8402e.dir/CMakeCCompilerABI.c.o -x c /usr/local/Cellar/cmake/3.16.2/share/cmake/Modules/CMakeCCompilerABI.c]
  ignore line: [clang -cc1 version 13.0.0 (clang-1300.0.29.30) default target x86_64-apple-darwin21.3.0]
  ignore line: [ignoring nonexistent directory "/Applications/Xcode.app/Contents/Developer/Platforms/MacOSX.platform/Developer/SDKs/MacOSX12.1.sdk/usr/local/include"]
  ignore line: [ignoring nonexistent directory "/Applications/Xcode.app/Contents/Developer/Platforms/MacOSX.platform/Developer/SDKs/MacOSX12.1.sdk/Library/Frameworks"]
  ignore line: [#include "..." search starts here:]
  ignore line: [#include <...> search starts here:]
  ignore line: [ /Applications/Xcode.app/Contents/Developer/Toolchains/XcodeDefault.xctoolchain/usr/lib/clang/13.0.0/include]
  ignore line: [ /Applications/Xcode.app/Contents/Developer/Platforms/MacOSX.platform/Developer/SDKs/MacOSX12.1.sdk/usr/include]
  ignore line: [ /Applications/Xcode.app/Contents/Developer/Toolchains/XcodeDefault.xctoolchain/usr/include]
  ignore line: [ /Applications/Xcode.app/Contents/Developer/Platforms/MacOSX.platform/Developer/SDKs/MacOSX12.1.sdk/System/Library/Frameworks (framework directory)]
  ignore line: [End of search list.]
  ignore line: [Linking C executable cmTC_8402e]
  ignore line: [/usr/local/Cellar/cmake/3.16.2/bin/cmake -E cmake_link_script CMakeFiles/cmTC_8402e.dir/link.txt --verbose=1]
  ignore line: [/Applications/Xcode.app/Contents/Developer/Toolchains/XcodeDefault.xctoolchain/usr/bin/cc   -isysroot /Applications/Xcode.app/Contents/Developer/Platforms/MacOSX.platform/Developer/SDKs/MacOSX12.1.sdk -Wl -search_paths_first -Wl -headerpad_max_install_names  -v -Wl -v CMakeFiles/cmTC_8402e.dir/CMakeCCompilerABI.c.o  -o cmTC_8402e ]
  ignore line: [Apple clang version 13.0.0 (clang-1300.0.29.30)]
  ignore line: [Target: x86_64-apple-darwin21.3.0]
  ignore line: [Thread model: posix]
  ignore line: [InstalledDir: /Applications/Xcode.app/Contents/Developer/Toolchains/XcodeDefault.xctoolchain/usr/bin]
  link line: [ "/Applications/Xcode.app/Contents/Developer/Toolchains/XcodeDefault.xctoolchain/usr/bin/ld" -demangle -lto_library /Applications/Xcode.app/Contents/Developer/Toolchains/XcodeDefault.xctoolchain/usr/lib/libLTO.dylib -dynamic -arch x86_64 -platform_version macos 12.0.0 12.1 -syslibroot /Applications/Xcode.app/Contents/Developer/Platforms/MacOSX.platform/Developer/SDKs/MacOSX12.1.sdk -o cmTC_8402e -search_paths_first -headerpad_max_install_names -v CMakeFiles/cmTC_8402e.dir/CMakeCCompilerABI.c.o -lSystem /Applications/Xcode.app/Contents/Developer/Toolchains/XcodeDefault.xctoolchain/usr/lib/clang/13.0.0/lib/darwin/libclang_rt.osx.a]
    arg [/Applications/Xcode.app/Contents/Developer/Toolchains/XcodeDefault.xctoolchain/usr/bin/ld] ==> ignore
    arg [-demangle] ==> ignore
    arg [-lto_library] ==> ignore, skip following value
    arg [/Applications/Xcode.app/Contents/Developer/Toolchains/XcodeDefault.xctoolchain/usr/lib/libLTO.dylib] ==> skip value of -lto_library
    arg [-dynamic] ==> ignore
    arg [-arch] ==> ignore
    arg [x86_64] ==> ignore
    arg [-platform_version] ==> ignore
    arg [macos] ==> ignore
    arg [12.0.0] ==> ignore
    arg [12.1] ==> ignore
    arg [-syslibroot] ==> ignore
    arg [/Applications/Xcode.app/Contents/Developer/Platforms/MacOSX.platform/Developer/SDKs/MacOSX12.1.sdk] ==> ignore
    arg [-o] ==> ignore
    arg [cmTC_8402e] ==> ignore
    arg [-search_paths_first] ==> ignore
    arg [-headerpad_max_install_names] ==> ignore
    arg [-v] ==> ignore
    arg [CMakeFiles/cmTC_8402e.dir/CMakeCCompilerABI.c.o] ==> ignore
    arg [-lSystem] ==> lib [System]
    arg [/Applications/Xcode.app/Contents/Developer/Toolchains/XcodeDefault.xctoolchain/usr/lib/clang/13.0.0/lib/darwin/libclang_rt.osx.a] ==> lib [/Applications/Xcode.app/Contents/Developer/Toolchains/XcodeDefault.xctoolchain/usr/lib/clang/13.0.0/lib/darwin/libclang_rt.osx.a]
  Library search paths: [;/Applications/Xcode.app/Contents/Developer/Platforms/MacOSX.platform/Developer/SDKs/MacOSX12.1.sdk/usr/lib]
  Framework search paths: [;/Applications/Xcode.app/Contents/Developer/Platforms/MacOSX.platform/Developer/SDKs/MacOSX12.1.sdk/System/Library/Frameworks/]
  remove lib [System]
  remove lib [/Applications/Xcode.app/Contents/Developer/Toolchains/XcodeDefault.xctoolchain/usr/lib/clang/13.0.0/lib/darwin/libclang_rt.osx.a]
  collapse library dir [/Applications/Xcode.app/Contents/Developer/Platforms/MacOSX.platform/Developer/SDKs/MacOSX12.1.sdk/usr/lib] ==> [/Applications/Xcode.app/Contents/Developer/Platforms/MacOSX.platform/Developer/SDKs/MacOSX12.1.sdk/usr/lib]
  collapse framework dir [/Applications/Xcode.app/Contents/Developer/Platforms/MacOSX.platform/Developer/SDKs/MacOSX12.1.sdk/System/Library/Frameworks/] ==> [/Applications/Xcode.app/Contents/Developer/Platforms/MacOSX.platform/Developer/SDKs/MacOSX12.1.sdk/System/Library/Frameworks]
  implicit libs: []
  implicit dirs: [/Applications/Xcode.app/Contents/Developer/Platforms/MacOSX.platform/Developer/SDKs/MacOSX12.1.sdk/usr/lib]
  implicit fwks: [/Applications/Xcode.app/Contents/Developer/Platforms/MacOSX.platform/Developer/SDKs/MacOSX12.1.sdk/System/Library/Frameworks]


Determining if the CXX compiler works passed with the following output:
Change Dir: /Users/weichijunbo/Documents/YFlow/build/CMakeFiles/CMakeTmp

Run Build Command(s):/usr/bin/make cmTC_f0234/fast && /Applications/Xcode.app/Contents/Developer/usr/bin/make -f CMakeFiles/cmTC_f0234.dir/build.make CMakeFiles/cmTC_f0234.dir/build
Building CXX object CMakeFiles/cmTC_f0234.dir/testCXXCompiler.cxx.o
/Applications/Xcode.app/Contents/Developer/Toolchains/XcodeDefault.xctoolchain/usr/bin/c++    -isysroot /Applications/Xcode.app/Contents/Developer/Platforms/MacOSX.platform/Developer/SDKs/MacOSX12.1.sdk   -o CMakeFiles/cmTC_f0234.dir/testCXXCompiler.cxx.o -c /Users/weichijunbo/Documents/YFlow/build/CMakeFiles/CMakeTmp/testCXXCompiler.cxx
Linking CXX executable cmTC_f0234
/usr/local/Cellar/cmake/3.16.2/bin/cmake -E cmake_link_script CMakeFiles/cmTC_f0234.dir/link.txt --verbose=1
/Applications/Xcode.app/Contents/Developer/Toolchains/XcodeDefault.xctoolchain/usr/bin/c++    -isysroot /Applications/Xcode.app/Contents/Developer/Platforms/MacOSX.platform/Developer/SDKs/MacOSX12.1.sdk -Wl,-search_paths_first -Wl,-headerpad_max_install_names   CMakeFiles/cmTC_f0234.dir/testCXXCompiler.cxx.o  -o cmTC_f0234 



Detecting CXX compiler ABI info compiled with the following output:
Change Dir: /Users/weichijunbo/Documents/YFlow/build/CMakeFiles/CMakeTmp

Run Build Command(s):/usr/bin/make cmTC_4b295/fast && /Applications/Xcode.app/Contents/Developer/usr/bin/make -f CMakeFiles/cmTC_4b295.dir/build.make CMakeFiles/cmTC_4b295.dir/build
Building CXX object CMakeFiles/cmTC_4b295.dir/CMakeCXXCompilerABI.cpp.o
/Applications/Xcode.app/Contents/Developer/Toolchains/XcodeDefault.xctoolchain/usr/bin/c++    -isysroot /Applications/Xcode.app/Contents/Developer/Platforms/MacOSX.platform/Developer/SDKs/MacOSX12.1.sdk   -v -Wl,-v -o CMakeFiles/cmTC_4b295.dir/CMakeCXXCompilerABI.cpp.o -c /usr/local/Cellar/cmake/3.16.2/share/cmake/Modules/CMakeCXXCompilerABI.cpp
Apple clang version 13.0.0 (clang-1300.0.29.30)
Target: x86_64-apple-darwin21.3.0
Thread model: posix
InstalledDir: /Applications/Xcode.app/Contents/Developer/Toolchains/XcodeDefault.xctoolchain/usr/bin
clang: warning: -Wl,-v: 'linker' input unused [-Wunused-command-line-argument]
 "/Applications/Xcode.app/Contents/Developer/Toolchains/XcodeDefault.xctoolchain/usr/bin/clang" -cc1 -triple x86_64-apple-macosx12.0.0 -Wundef-prefix=TARGET_OS_ -Wdeprecated-objc-isa-usage -Werror=deprecated-objc-isa-usage -Werror=implicit-function-declaration -emit-obj -mrelax-all --mrelax-relocations -disable-free -disable-llvm-verifier -discard-value-names -main-file-name CMakeCXXCompilerABI.cpp -mrelocation-model pic -pic-level 2 -mframe-pointer=all -fno-strict-return -fno-rounding-math -munwind-tables -target-sdk-version=12.1 -fvisibility-inlines-hidden-static-local-var -target-cpu penryn -tune-cpu generic -debugger-tuning=lldb -target-linker-version 711 -v -resource-dir /Applications/Xcode.app/Contents/Developer/Toolchains/XcodeDefault.xctoolchain/usr/lib/clang/13.0.0 -isysroot /Applications/Xcode.app/Contents/Developer/Platforms/MacOSX.platform/Developer/SDKs/MacOSX12.1.sdk -stdlib=libc++ -internal-isystem /Applications/Xcode.app/Contents/Developer/Platforms/MacOSX.platform/Developer/SDKs/MacOSX12.1.sdk/usr/include/c++/v1 -internal-isystem /Applications/Xcode.app/Contents/Developer/Platforms/MacOSX.platform/Developer/SDKs/MacOSX12.1.sdk/usr/local/include -internal-isystem /Applications/Xcode.app/Contents/Developer/Toolchains/XcodeDefault.xctoolchain/usr/lib/clang/13.0.0/include -internal-externc-isystem /Applications/Xcode.app/Contents/Developer/Platforms/MacOSX.platform/Developer/SDKs/MacOSX12.1.sdk/usr/include -internal-externc-isystem /Applications/Xcode.app/Contents/Developer/Toolchains/XcodeDefault.xctoolchain/usr/include -Wno-reorder-init-list -Wno-implicit-int-float-conversion -Wno-c99-designator -Wno-final-dtor-non-final-class -Wno-extra-semi-stmt -Wno-misleading-indentation -Wno-quoted-include-in-framework-header -Wno-implicit-fallthrough -Wno-enum-enum-conversion -Wno-enum-float-conversion -Wno-elaborated-enum-base -fdeprecated-macro -fdebug-compilation-dir /Users/weichijunbo/Documents/YFlow/build/CMakeFiles/CMakeTmp -ferror-limit 19 -stack-protector 1 -fstack-check -mdarwin-stkchk-strong-link -fblocks -fencode-extended-block-signature -fregister-global-dtors-with-atexit -fgnuc-version=4.2.1 -fno-cxx-modules -fcxx-exceptions -fexceptions -fmax-type-align=16 -fcommon -clang-vendor-feature=+nullptrToBoolConversion -clang-vendor-feature=+messageToSelfInClassMethodIdReturnType -clang-vendor-feature=+disableInferNewAvailabilityFromInit -clang-vendor-feature=+disableNeonImmediateRangeCheck -clang-vendor-feature=+disableNonDependentMemberExprInCurrentInstantiation -fno-odr-hash-protocols -clang-vendor-feature=+revert09abecef7bbf -mllvm -disable-aligned-alloc-awareness=1 -mllvm -enable-dse-memoryssa=0 -o CMakeFiles/cmTC_4b295.dir/CMakeCXXCompilerABI.cpp.o -x c++ /usr/local/Cellar/cmake/3.16.2/share/cmake/Modules/CMakeCXXCompilerABI.cpp
clang -cc1 version 13.0.0 (clang-1300.0.29.30) default target x86_64-apple-darwin21.3.0
ignoring nonexistent directory "/Applications/Xcode.app/Contents/Developer/Platforms/MacOSX.platform/Developer/SDKs/MacOSX12.1.sdk/usr/local/include"
ignoring nonexistent directory "/Applications/Xcode.app/Contents/Developer/Platforms/MacOSX.platform/Developer/SDKs/MacOSX12.1.sdk/Library/Frameworks"
#include "..." search starts here:
#include <...> search starts here:
 /Applications/Xcode.app/Contents/Developer/Platforms/MacOSX.platform/Developer/SDKs/MacOSX12.1.sdk/usr/include/c++/v1
 /Applications/Xcode.app/Contents/Developer/Toolchains/XcodeDefault.xctoolchain/usr/lib/clang/13.0.0/include
 /Applications/Xcode.app/Contents/Developer/Platforms/MacOSX.platform/Developer/SDKs/MacOSX12.1.sdk/usr/include
 /Applications/Xcode.app/Contents/Developer/Toolchains/XcodeDefault.xctoolchain/usr/include
 /Applications/Xcode.app/Contents/Developer/Platforms/MacOSX.platform/Developer/SDKs/MacOSX12.1.sdk/System/Library/Frameworks (framework directory)
End of search list.
Linking CXX executable cmTC_4b295
/usr/local/Cellar/cmake/3.16.2/bin/cmake -E cmake_link_script CMakeFiles/cmTC_4b295.dir/link.txt --verbose=1
/Applications/Xcode.app/Contents/Developer/Toolchains/XcodeDefault.xctoolchain/usr/bin/c++    -isysroot /Applications/Xcode.app/Contents/Developer/Platforms/MacOSX.platform/Developer/SDKs/MacOSX12.1.sdk -Wl,-search_paths_first -Wl,-headerpad_max_install_names  -v -Wl,-v CMakeFiles/cmTC_4b295.dir/CMakeCXXCompilerABI.cpp.o  -o cmTC_4b295 
Apple clang version 13.0.0 (clang-1300.0.29.30)
Target: x86_64-apple-darwin21.3.0
Thread model: posix
InstalledDir: /Applications/Xcode.app/Contents/Developer/Toolchains/XcodeDefault.xctoolchain/usr/bin
 "/Applications/Xcode.app/Contents/Developer/Toolchains/XcodeDefault.xctoolchain/usr/bin/ld" -demangle -lto_library /Applications/Xcode.app/Contents/Developer/Toolchains/XcodeDefault.xctoolchain/usr/lib/libLTO.dylib -dynamic -arch x86_64 -platform_version macos 12.0.0 12.1 -syslibroot /Applications/Xcode.app/Contents/Developer/Platforms/MacOSX.platform/Developer/SDKs/MacOSX12.1.sdk -o cmTC_4b295 -search_paths_first -headerpad_max_install_names -v CMakeFiles/cmTC_4b295.dir/CMakeCXXCompilerABI.cpp.o -lc++ -lSystem /Applications/Xcode.app/Contents/Developer/Toolchains/XcodeDefault.xctoolchain/usr/lib/clang/13.0.0/lib/darwin/libclang_rt.osx.a
@(#)PROGRAM:ld  PROJECT:ld64-711
BUILD 21:57:11 Nov 17 2021
configured to support archs: armv6 armv7 armv7s arm64 arm64e arm64_32 i386 x86_64 x86_64h armv6m armv7k armv7m armv7em
Library search paths:
	/Applications/Xcode.app/Contents/Developer/Platforms/MacOSX.platform/Developer/SDKs/MacOSX12.1.sdk/usr/lib
Framework search paths:
	/Applications/Xcode.app/Contents/Developer/Platforms/MacOSX.platform/Developer/SDKs/MacOSX12.1.sdk/System/Library/Frameworks/



Parsed CXX implicit include dir info from above output: rv=done
  found start of include info
  found start of implicit include info
    add: [/Applications/Xcode.app/Contents/Developer/Platforms/MacOSX.platform/Developer/SDKs/MacOSX12.1.sdk/usr/include/c++/v1]
    add: [/Applications/Xcode.app/Contents/Developer/Toolchains/XcodeDefault.xctoolchain/usr/lib/clang/13.0.0/include]
    add: [/Applications/Xcode.app/Contents/Developer/Platforms/MacOSX.platform/Developer/SDKs/MacOSX12.1.sdk/usr/include]
    add: [/Applications/Xcode.app/Contents/Developer/Toolchains/XcodeDefault.xctoolchain/usr/include]
  end of search list found
  collapse include dir [/Applications/Xcode.app/Contents/Developer/Platforms/MacOSX.platform/Developer/SDKs/MacOSX12.1.sdk/usr/include/c++/v1] ==> [/Applications/Xcode.app/Contents/Developer/Platforms/MacOSX.platform/Developer/SDKs/MacOSX12.1.sdk/usr/include/c++/v1]
  collapse include dir [/Applications/Xcode.app/Contents/Developer/Toolchains/XcodeDefault.xctoolchain/usr/lib/clang/13.0.0/include] ==> [/Applications/Xcode.app/Contents/Developer/Toolchains/XcodeDefault.xctoolchain/usr/lib/clang/13.0.0/include]
  collapse include dir [/Applications/Xcode.app/Contents/Developer/Platforms/MacOSX.platform/Developer/SDKs/MacOSX12.1.sdk/usr/include] ==> [/Applications/Xcode.app/Contents/Developer/Platforms/MacOSX.platform/Developer/SDKs/MacOSX12.1.sdk/usr/include]
  collapse include dir [/Applications/Xcode.app/Contents/Developer/Toolchains/XcodeDefault.xctoolchain/usr/include] ==> [/Applications/Xcode.app/Contents/Developer/Toolchains/XcodeDefault.xctoolchain/usr/include]
  implicit include dirs: [/Applications/Xcode.app/Contents/Developer/Platforms/MacOSX.platform/Developer/SDKs/MacOSX12.1.sdk/usr/include/c++/v1;/Applications/Xcode.app/Contents/Developer/Toolchains/XcodeDefault.xctoolchain/usr/lib/clang/13.0.0/include;/Applications/Xcode.app/Contents/Developer/Platforms/MacOSX.platform/Developer/SDKs/MacOSX12.1.sdk/usr/include;/Applications/Xcode.app/Contents/Developer/Toolchains/XcodeDefault.xctoolchain/usr/include]


Parsed CXX implicit link information from above output:
  link line regex: [^( *|.*[/\])(ld|CMAKE_LINK_STARTFILE-NOTFOUND|([^/\]+-)?ld|collect2)[^/\]*( |$)]
  ignore line: [Change Dir: /Users/weichijunbo/Documents/YFlow/build/CMakeFiles/CMakeTmp]
  ignore line: []
  ignore line: [Run Build Command(s):/usr/bin/make cmTC_4b295/fast && /Applications/Xcode.app/Contents/Developer/usr/bin/make -f CMakeFiles/cmTC_4b295.dir/build.make CMakeFiles/cmTC_4b295.dir/build]
  ignore line: [Building CXX object CMakeFiles/cmTC_4b295.dir/CMakeCXXCompilerABI.cpp.o]
  ignore line: [/Applications/Xcode.app/Contents/Developer/Toolchains/XcodeDefault.xctoolchain/usr/bin/c++    -isysroot /Applications/Xcode.app/Contents/Developer/Platforms/MacOSX.platform/Developer/SDKs/MacOSX12.1.sdk   -v -Wl -v -o CMakeFiles/cmTC_4b295.dir/CMakeCXXCompilerABI.cpp.o -c /usr/local/Cellar/cmake/3.16.2/share/cmake/Modules/CMakeCXXCompilerABI.cpp]
  ignore line: [Apple clang version 13.0.0 (clang-1300.0.29.30)]
  ignore line: [Target: x86_64-apple-darwin21.3.0]
  ignore line: [Thread model: posix]
  ignore line: [InstalledDir: /Applications/Xcode.app/Contents/Developer/Toolchains/XcodeDefault.xctoolchain/usr/bin]
  ignore line: [clang: warning: -Wl -v: 'linker' input unused [-Wunused-command-line-argument]]
  ignore line: [ "/Applications/Xcode.app/Contents/Developer/Toolchains/XcodeDefault.xctoolchain/usr/bin/clang" -cc1 -triple x86_64-apple-macosx12.0.0 -Wundef-prefix=TARGET_OS_ -Wdeprecated-objc-isa-usage -Werror=deprecated-objc-isa-usage -Werror=implicit-function-declaration -emit-obj -mrelax-all --mrelax-relocations -disable-free -disable-llvm-verifier -discard-value-names -main-file-name CMakeCXXCompilerABI.cpp -mrelocation-model pic -pic-level 2 -mframe-pointer=all -fno-strict-return -fno-rounding-math -munwind-tables -target-sdk-version=12.1 -fvisibility-inlines-hidden-static-local-var -target-cpu penryn -tune-cpu generic -debugger-tuning=lldb -target-linker-version 711 -v -resource-dir /Applications/Xcode.app/Contents/Developer/Toolchains/XcodeDefault.xctoolchain/usr/lib/clang/13.0.0 -isysroot /Applications/Xcode.app/Contents/Developer/Platforms/MacOSX.platform/Developer/SDKs/MacOSX12.1.sdk -stdlib=libc++ -internal-isystem /Applications/Xcode.app/Contents/Developer/Platforms/MacOSX.platform/Developer/SDKs/MacOSX12.1.sdk/usr/include/c++/v1 -internal-isystem /Applications/Xcode.app/Contents/Developer/Platforms/MacOSX.platform/Developer/SDKs/MacOSX12.1.sdk/usr/local/include -internal-isystem /Applications/Xcode.app/Contents/Developer/Toolchains/XcodeDefault.xctoolchain/usr/lib/clang/13.0.0/include -internal-externc-isystem /Applications/Xcode.app/Contents/Developer/Platforms/MacOSX.platform/Developer/SDKs/MacOSX12.1.sdk/usr/include -internal-externc-isystem /Applications/Xcode.app/Contents/Developer/Toolchains/XcodeDefault.xctoolchain/usr/include -Wno-reorder-init-list -Wno-implicit-int-float-conversion -Wno-c99-designator -Wno-final-dtor-non-final-class -Wno-extra-semi-stmt -Wno-misleading-indentation -Wno-quoted-include-in-framework-header -Wno-implicit-fallthrough -Wno-enum-enum-conversion -Wno-enum-float-conversion -Wno-elaborated-enum-base -fdeprecated-macro -fdebug-compilation-dir /Users/weichijunbo/Documents/YFlow/build/CMakeFiles/CMakeTmp -ferror-limit 19 -stack-protector 1 -fstack-check -mdarwin-stkchk-strong-link -fblocks -fencode-extended-block-signature -fregister-global-dtors-with-atexit -fgnuc-version=4.2.1 -fno-cxx-modules -fcxx-exceptions -fexceptions -fmax-type-align=16 -fcommon -clang-vendor-feature=+nullptrToBoolConversion -clang-vendor-feature=+messageToSelfInClassMethodIdReturnType -clang-vendor-feature=+disableInferNewAvailabilityFromInit -clang-vendor-feature=+disableNeonImmediateRangeCheck -clang-vendor-feature=+disableNonDependentMemberExprInCurrentInstantiation -fno-odr-hash-protocols -clang-vendor-feature=+revert09abecef7bbf -mllvm -disable-aligned-alloc-awareness=1 -mllvm -enable-dse-memoryssa=0 -o CMakeFiles/cmTC_4b295.dir/CMakeCXXCompilerABI.cpp.o -x c++ /usr/local/Cellar/cmake/3.16.2/share/cmake/Modules/CMakeCXXCompilerABI.cpp]
  ignore line: [clang -cc1 version 13.0.0 (clang-1300.0.29.30) default target x86_64-apple-darwin21.3.0]
  ignore line: [ignoring nonexistent directory "/Applications/Xcode.app/Contents/Developer/Platforms/MacOSX.platform/Developer/SDKs/MacOSX12.1.sdk/usr/local/include"]
  ignore line: [ignoring nonexistent directory "/Applications/Xcode.app/Contents/Developer/Platforms/MacOSX.platform/Developer/SDKs/MacOSX12.1.sdk/Library/Frameworks"]
  ignore line: [#include "..." search starts here:]
  ignore line: [#include <...> search starts here:]
  ignore line: [ /Applications/Xcode.app/Contents/Developer/Platforms/MacOSX.platform/Developer/SDKs/MacOSX12.1.sdk/usr/include/c++/v1]
  ignore line: [ /Applications/Xcode.app/Contents/Developer/Toolchains/XcodeDefault.xctoolchain/usr/lib/clang/13.0.0/include]
  ignore line: [ /Applications/Xcode.app/Contents/Developer/Platforms/MacOSX.platform/Developer/SDKs/MacOSX12.1.sdk/usr/include]
  ignore line: [ /Applications/Xcode.app/Contents/Developer/Toolchains/XcodeDefault.xctoolchain/usr/include]
  ignore line: [ /Applications/Xcode.app/Contents/Developer/Platforms/MacOSX.platform/Developer/SDKs/MacOSX12.1.sdk/System/Library/Frameworks (framework directory)]
  ignore line: [End of search list.]
  ignore line: [Linking CXX executable cmTC_4b295]
  ignore line: [/usr/local/Cellar/cmake/3.16.2/bin/cmake -E cmake_link_script CMakeFiles/cmTC_4b295.dir/link.txt --verbose=1]
  ignore line: [/Applications/Xcode.app/Contents/Developer/Toolchains/XcodeDefault.xctoolchain/usr/bin/c++    -isysroot /Applications/Xcode.app/Contents/Developer/Platforms/MacOSX.platform/Developer/SDKs/MacOSX12.1.sdk -Wl -search_paths_first -Wl -headerpad_max_install_names  -v -Wl -v CMakeFiles/cmTC_4b295.dir/CMakeCXXCompilerABI.cpp.o  -o cmTC_4b295 ]
  ignore line: [Apple clang version 13.0.0 (clang-1300.0.29.30)]
  ignore line: [Target: x86_64-apple-darwin21.3.0]
  ignore line: [Thread model: posix]
  ignore line: [InstalledDir: /Applications/Xcode.app/Contents/Developer/Toolchains/XcodeDefault.xctoolchain/usr/bin]
  link line: [ "/Applications/Xcode.app/Contents/Developer/Toolchains/XcodeDefault.xctoolchain/usr/bin/ld" -demangle -lto_library /Applications/Xcode.app/Contents/Developer/Toolchains/XcodeDefault.xctoolchain/usr/lib/libLTO.dylib -dynamic -arch x86_64 -platform_version macos 12.0.0 12.1 -syslibroot /Applications/Xcode.app/Contents/Developer/Platforms/MacOSX.platform/Developer/SDKs/MacOSX12.1.sdk -o cmTC_4b295 -search_paths_first -headerpad_max_install_names -v CMakeFiles/cmTC_4b295.dir/CMakeCXXCompilerABI.cpp.o -lc++ -lSystem /Applications/Xcode.app/Contents/Developer/Toolchains/XcodeDefault.xctoolchain/usr/lib/clang/13.0.0/lib/darwin/libclang_rt.osx.a]
    arg [/Applications/Xcode.app/Contents/Developer/Toolchains/XcodeDefault.xctoolchain/usr/bin/ld] ==> ignore
    arg [-demangle] ==> ignore
    arg [-lto_library] ==> ignore, skip following value
    arg [/Applications/Xcode.app/Contents/Developer/Toolchains/XcodeDefault.xctoolchain/usr/lib/libLTO.dylib] ==> skip value of -lto_library
    arg [-dynamic] ==> ignore
    arg [-arch] ==> ignore
    arg [x86_64] ==> ignore
    arg [-platform_version] ==> ignore
    arg [macos] ==> ignore
    arg [12.0.0] ==> ignore
    arg [12.1] ==> ignore
    arg [-syslibroot] ==> ignore
    arg [/Applications/Xcode.app/Contents/Developer/Platforms/MacOSX.platform/Developer/SDKs/MacOSX12.1.sdk] ==> ignore
    arg [-o] ==> ignore
    arg [cmTC_4b295] ==> ignore
    arg [-search_paths_first] ==> ignore
    arg [-headerpad_max_install_names] ==> ignore
    arg [-v] ==> ignore
    arg [CMakeFiles/cmTC_4b295.dir/CMakeCXXCompilerABI.cpp.o] ==> ignore
    arg [-lc++] ==> lib [c++]
    arg [-lSystem] ==> lib [System]
    arg [/Applications/Xcode.app/Contents/Developer/Toolchains/XcodeDefault.xctoolchain/usr/lib/clang/13.0.0/lib/darwin/libclang_rt.osx.a] ==> lib [/Applications/Xcode.app/Contents/Developer/Toolchains/XcodeDefault.xctoolchain/usr/lib/clang/13.0.0/lib/darwin/libclang_rt.osx.a]
  Library search paths: [;/Applications/Xcode.app/Contents/Developer/Platforms/MacOSX.platform/Developer/SDKs/MacOSX12.1.sdk/usr/lib]
  Framework search paths: [;/Applications/Xcode.app/Contents/Developer/Platforms/MacOSX.platform/Developer/SDKs/MacOSX12.1.sdk/System/Library/Frameworks/]
  remove lib [System]
  remove lib [/Applications/Xcode.app/Contents/Developer/Toolchains/XcodeDefault.xctoolchain/usr/lib/clang/13.0.0/lib/darwin/libclang_rt.osx.a]
  collapse library dir [/Applications/Xcode.app/Contents/Developer/Platforms/MacOSX.platform/Developer/SDKs/MacOSX12.1.sdk/usr/lib] ==> [/Applications/Xcode.app/Contents/Developer/Platforms/MacOSX.platform/Developer/SDKs/MacOSX12.1.sdk/usr/lib]
  collapse framework dir [/Applications/Xcode.app/Contents/Developer/Platforms/MacOSX.platform/Developer/SDKs/MacOSX12.1.sdk/System/Library/Frameworks/] ==> [/Applications/Xcode.app/Contents/Developer/Platforms/MacOSX.platform/Developer/SDKs/MacOSX12.1.sdk/System/Library/Frameworks]
  implicit libs: [c++]
  implicit dirs: [/Applications/Xcode.app/Contents/Developer/Platforms/MacOSX.platform/Developer/SDKs/MacOSX12.1.sdk/usr/lib]
  implicit fwks: [/Applications/Xcode.app/Contents/Developer/Platforms/MacOSX.platform/Developer/SDKs/MacOSX12.1.sdk/System/Library/Frameworks]


The system is: Darwin - 21.3.0 - x86_64
Compiling the C compiler identification source file "CMakeCCompilerId.c" succeeded.
Compiler: /usr/local/bin/gcc-9 
Build flags: 
Id flags:  

The output was:
0


Compilation of the C compiler identification source "CMakeCCompilerId.c" produced "a.out"

The C compiler identification is GNU, found in "/Users/weichijunbo/Documents/YFlow/build/CMakeFiles/3.16.2/CompilerIdC/a.out"

Compiling the CXX compiler identification source file "CMakeCXXCompilerId.cpp" succeeded.
Compiler: /usr/local/bin/g++-9 
Build flags: 
Id flags:  

The output was:
0


Compilation of the CXX compiler identification source "CMakeCXXCompilerId.cpp" produced "a.out"

The CXX compiler identification is GNU, found in "/Users/weichijunbo/Documents/YFlow/build/CMakeFiles/3.16.2/CompilerIdCXX/a.out"

Determining if the C compiler works passed with the following output:
Change Dir: /Users/weichijunbo/Documents/YFlow/build/CMakeFiles/CMakeTmp

Run Build Command(s):/Library/anaconda3/bin/ninja cmTC_38ad6 && [1/2] Building C object CMakeFiles/cmTC_38ad6.dir/testCCompiler.c.o
[2/2] Linking C executable cmTC_38ad6



Detecting C compiler ABI info compiled with the following output:
Change Dir: /Users/weichijunbo/Documents/YFlow/build/CMakeFiles/CMakeTmp

Run Build Command(s):/Library/anaconda3/bin/ninja cmTC_06acd && [1/2] Building C object CMakeFiles/cmTC_06acd.dir/CMakeCCompilerABI.c.o
Using built-in specs.
COLLECT_GCC=/usr/local/bin/gcc-9
Target: x86_64-apple-darwin19
Configured with: ../configure --build=x86_64-apple-darwin19 --prefix=/usr/local/Cellar/gcc/9.2.0_3 --libdir=/usr/local/Cellar/gcc/9.2.0_3/lib/gcc/9 --disable-nls --enable-checking=release --enable-languages=c,c++,objc,obj-c++,fortran --program-suffix=-9 --with-gmp=/usr/local/opt/gmp --with-mpfr=/usr/local/opt/mpfr --with-mpc=/usr/local/opt/libmpc --with-isl=/usr/local/opt/isl --with-system-zlib --with-pkgversion='Homebrew GCC 9.2.0_3' --with-bugurl=https://github.com/Homebrew/homebrew-core/issues --disable-multilib --with-native-system-header-dir=/usr/include --with-sysroot=/Library/Developer/CommandLineTools/SDKs/MacOSX10.15.sdk
Thread model: posix
gcc version 9.2.0 (Homebrew GCC 9.2.0_3) 
COLLECT_GCC_OPTIONS='-isysroot' '/Applications/Xcode.app/Contents/Developer/Platforms/MacOSX.platform/Developer/SDKs/MacOSX12.1.sdk' '-v' '-o' 'CMakeFiles/cmTC_06acd.dir/CMakeCCompilerABI.c.o' '-c' '-mmacosx-version-min=10.17.0' '-asm_macosx_version_min=10.17' '-mtune=core2'
 /usr/local/Cellar/gcc/9.2.0_3/libexec/gcc/x86_64-apple-darwin19/9.2.0/cc1 -quiet -v -D__DYNAMIC__ -isysroot /Applications/Xcode.app/Contents/Developer/Platforms/MacOSX.platform/Developer/SDKs/MacOSX12.1.sdk /usr/local/Cellar/cmake/3.16.2/share/cmake/Modules/CMakeCCompilerABI.c -fPIC -quiet -dumpbase CMakeCCompilerABI.c -mmacosx-version-min=10.17.0 -mtune=core2 -auxbase-strip CMakeFiles/cmTC_06acd.dir/CMakeCCompilerABI.c.o -version -o /var/folders/5n/8pjwg68x5zx8ghkrv7rxy5m40000gp/T//cchlfJeQ.s
GNU C17 (Homebrew GCC 9.2.0_3) version 9.2.0 (x86_64-apple-darwin19)
	compiled by GNU C version 9.2.0, GMP version 6.1.2, MPFR version 4.0.2, MPC version 1.1.0, isl version isl-0.22-GMP

GGC heuristics: --param ggc-min-expand=100 --param ggc-min-heapsize=131072
ignoring nonexistent directory "/Applications/Xcode.app/Contents/Developer/Platforms/MacOSX.platform/Developer/SDKs/MacOSX12.1.sdk/usr/local/include"
ignoring nonexistent directory "/usr/local/Cellar/gcc/9.2.0_3/lib/gcc/9/gcc/x86_64-apple-darwin19/9.2.0/../../../../../../x86_64-apple-darwin19/include"
ignoring nonexistent directory "/Applications/Xcode.app/Contents/Developer/Platforms/MacOSX.platform/Developer/SDKs/MacOSX12.1.sdk/Library/Frameworks"
#include "..." search starts here:
#include <...> search starts here:
 /usr/local/Cellar/gcc/9.2.0_3/lib/gcc/9/gcc/x86_64-apple-darwin19/9.2.0/include
 /usr/local/Cellar/gcc/9.2.0_3/lib/gcc/9/gcc/x86_64-apple-darwin19/9.2.0/include-fixed
 /Applications/Xcode.app/Contents/Developer/Platforms/MacOSX.platform/Developer/SDKs/MacOSX12.1.sdk/usr/include
 /Applications/Xcode.app/Contents/Developer/Platforms/MacOSX.platform/Developer/SDKs/MacOSX12.1.sdk/System/Library/Frameworks
End of search list.
GNU C17 (Homebrew GCC 9.2.0_3) version 9.2.0 (x86_64-apple-darwin19)
	compiled by GNU C version 9.2.0, GMP version 6.1.2, MPFR version 4.0.2, MPC version 1.1.0, isl version isl-0.22-GMP

GGC heuristics: --param ggc-min-expand=100 --param ggc-min-heapsize=131072
Compiler executable checksum: f889fcafa8086221081711d9f3ce7710
COLLECT_GCC_OPTIONS='-isysroot' '/Applications/Xcode.app/Contents/Developer/Platforms/MacOSX.platform/Developer/SDKs/MacOSX12.1.sdk' '-v' '-o' 'CMakeFiles/cmTC_06acd.dir/CMakeCCompilerABI.c.o' '-c' '-mmacosx-version-min=10.17.0'  '-mtune=core2'
 as -arch x86_64 -v -force_cpusubtype_ALL -mmacosx-version-min=10.17 -o CMakeFiles/cmTC_06acd.dir/CMakeCCompilerABI.c.o /var/folders/5n/8pjwg68x5zx8ghkrv7rxy5m40000gp/T//cchlfJeQ.s
Apple clang version 13.0.0 (clang-1300.0.29.30)
Target: x86_64-apple-darwin21.3.0
Thread model: posix
InstalledDir: /Applications/Xcode.app/Contents/Developer/Toolchains/XcodeDefault.xctoolchain/usr/bin
 "/Applications/Xcode.app/Contents/Developer/Toolchains/XcodeDefault.xctoolchain/usr/bin/clang" -cc1as -triple x86_64-apple-macosx10.17.0 -filetype obj -main-file-name cchlfJeQ.s -target-cpu penryn -fdebug-compilation-dir /Users/weichijunbo/Documents/YFlow/build/CMakeFiles/CMakeTmp -dwarf-debug-producer "Apple clang version 13.0.0 (clang-1300.0.29.30)" -dwarf-version=4 -mrelocation-model pic --mrelax-relocations -mllvm -disable-aligned-alloc-awareness=1 -mllvm -enable-dse-memoryssa=0 -o CMakeFiles/cmTC_06acd.dir/CMakeCCompilerABI.c.o /var/folders/5n/8pjwg68x5zx8ghkrv7rxy5m40000gp/T//cchlfJeQ.s
COMPILER_PATH=/usr/local/Cellar/gcc/9.2.0_3/libexec/gcc/x86_64-apple-darwin19/9.2.0/:/usr/local/Cellar/gcc/9.2.0_3/libexec/gcc/x86_64-apple-darwin19/9.2.0/:/usr/local/Cellar/gcc/9.2.0_3/libexec/gcc/x86_64-apple-darwin19/:/usr/local/Cellar/gcc/9.2.0_3/lib/gcc/9/gcc/x86_64-apple-darwin19/9.2.0/:/usr/local/Cellar/gcc/9.2.0_3/lib/gcc/9/gcc/x86_64-apple-darwin19/
LIBRARY_PATH=/usr/local/Cellar/gcc/9.2.0_3/lib/gcc/9/gcc/x86_64-apple-darwin19/9.2.0/:/usr/local/Cellar/gcc/9.2.0_3/lib/gcc/9/gcc/x86_64-apple-darwin19/9.2.0/../../../
COLLECT_GCC_OPTIONS='-isysroot' '/Applications/Xcode.app/Contents/Developer/Platforms/MacOSX.platform/Developer/SDKs/MacOSX12.1.sdk' '-v' '-o' 'CMakeFiles/cmTC_06acd.dir/CMakeCCompilerABI.c.o' '-c' '-mmacosx-version-min=10.17.0'  '-mtune=core2'
[2/2] Linking C executable cmTC_06acd
Using built-in specs.
COLLECT_GCC=/usr/local/bin/gcc-9
COLLECT_LTO_WRAPPER=/usr/local/Cellar/gcc/9.2.0_3/libexec/gcc/x86_64-apple-darwin19/9.2.0/lto-wrapper
Target: x86_64-apple-darwin19
Configured with: ../configure --build=x86_64-apple-darwin19 --prefix=/usr/local/Cellar/gcc/9.2.0_3 --libdir=/usr/local/Cellar/gcc/9.2.0_3/lib/gcc/9 --disable-nls --enable-checking=release --enable-languages=c,c++,objc,obj-c++,fortran --program-suffix=-9 --with-gmp=/usr/local/opt/gmp --with-mpfr=/usr/local/opt/mpfr --with-mpc=/usr/local/opt/libmpc --with-isl=/usr/local/opt/isl --with-system-zlib --with-pkgversion='Homebrew GCC 9.2.0_3' --with-bugurl=https://github.com/Homebrew/homebrew-core/issues --disable-multilib --with-native-system-header-dir=/usr/include --with-sysroot=/Library/Developer/CommandLineTools/SDKs/MacOSX10.15.sdk
Thread model: posix
gcc version 9.2.0 (Homebrew GCC 9.2.0_3) 
COMPILER_PATH=/usr/local/Cellar/gcc/9.2.0_3/libexec/gcc/x86_64-apple-darwin19/9.2.0/:/usr/local/Cellar/gcc/9.2.0_3/libexec/gcc/x86_64-apple-darwin19/9.2.0/:/usr/local/Cellar/gcc/9.2.0_3/libexec/gcc/x86_64-apple-darwin19/:/usr/local/Cellar/gcc/9.2.0_3/lib/gcc/9/gcc/x86_64-apple-darwin19/9.2.0/:/usr/local/Cellar/gcc/9.2.0_3/lib/gcc/9/gcc/x86_64-apple-darwin19/
LIBRARY_PATH=/usr/local/Cellar/gcc/9.2.0_3/lib/gcc/9/gcc/x86_64-apple-darwin19/9.2.0/:/usr/local/Cellar/gcc/9.2.0_3/lib/gcc/9/gcc/x86_64-apple-darwin19/9.2.0/../../../
COLLECT_GCC_OPTIONS='-isysroot' '/Applications/Xcode.app/Contents/Developer/Platforms/MacOSX.platform/Developer/SDKs/MacOSX12.1.sdk' '-v' '-o' 'cmTC_06acd' '-mmacosx-version-min=10.17.0' '-asm_macosx_version_min=10.17' '-mtune=core2'
 /usr/local/Cellar/gcc/9.2.0_3/libexec/gcc/x86_64-apple-darwin19/9.2.0/collect2 -dynamic -arch x86_64 -macosx_version_min 10.17.0 -syslibroot /Applications/Xcode.app/Contents/Developer/Platforms/MacOSX.platform/Developer/SDKs/MacOSX12.1.sdk -weak_reference_mismatches non-weak -o cmTC_06acd -L/usr/local/Cellar/gcc/9.2.0_3/lib/gcc/9/gcc/x86_64-apple-darwin19/9.2.0 -L/usr/local/Cellar/gcc/9.2.0_3/lib/gcc/9/gcc/x86_64-apple-darwin19/9.2.0/../../.. -search_paths_first -headerpad_max_install_names -v CMakeFiles/cmTC_06acd.dir/CMakeCCompilerABI.c.o -no_compact_unwind -lSystem -lgcc_ext.10.5 -lgcc -lSystem -v
collect2 version 9.2.0
/usr/bin/ld -dynamic -arch x86_64 -macosx_version_min 10.17.0 -syslibroot /Applications/Xcode.app/Contents/Developer/Platforms/MacOSX.platform/Developer/SDKs/MacOSX12.1.sdk -weak_reference_mismatches non-weak -o cmTC_06acd -L/usr/local/Cellar/gcc/9.2.0_3/lib/gcc/9/gcc/x86_64-apple-darwin19/9.2.0 -L/usr/local/Cellar/gcc/9.2.0_3/lib/gcc/9/gcc/x86_64-apple-darwin19/9.2.0/../../.. -search_paths_first -headerpad_max_install_names -v CMakeFiles/cmTC_06acd.dir/CMakeCCompilerABI.c.o -no_compact_unwind -lSystem -lgcc_ext.10.5 -lgcc -lSystem -v
@(#)PROGRAM:ld  PROJECT:ld64-711
BUILD 21:57:11 Nov 17 2021
configured to support archs: armv6 armv7 armv7s arm64 arm64e arm64_32 i386 x86_64 x86_64h armv6m armv7k armv7m armv7em
@(#)PROGRAM:ld  PROJECT:ld64-711
BUILD 21:57:11 Nov 17 2021
configured to support archs: armv6 armv7 armv7s arm64 arm64e arm64_32 i386 x86_64 x86_64h armv6m armv7k armv7m armv7em
Library search paths:
	/usr/local/Cellar/gcc/9.2.0_3/lib/gcc/9/gcc/x86_64-apple-darwin19/9.2.0
	/usr/local/Cellar/gcc/9.2.0_3/lib/gcc/9
	/Applications/Xcode.app/Contents/Developer/Platforms/MacOSX.platform/Developer/SDKs/MacOSX12.1.sdk/usr/lib
Framework search paths:
	/Applications/Xcode.app/Contents/Developer/Platforms/MacOSX.platform/Developer/SDKs/MacOSX12.1.sdk/System/Library/Frameworks/



Parsed C implicit include dir info from above output: rv=done
  found start of include info
  found start of implicit include info
    add: [/usr/local/Cellar/gcc/9.2.0_3/lib/gcc/9/gcc/x86_64-apple-darwin19/9.2.0/include]
    add: [/usr/local/Cellar/gcc/9.2.0_3/lib/gcc/9/gcc/x86_64-apple-darwin19/9.2.0/include-fixed]
    add: [/Applications/Xcode.app/Contents/Developer/Platforms/MacOSX.platform/Developer/SDKs/MacOSX12.1.sdk/usr/include]
    add: [/Applications/Xcode.app/Contents/Developer/Platforms/MacOSX.platform/Developer/SDKs/MacOSX12.1.sdk/System/Library/Frameworks]
  end of search list found
  collapse include dir [/usr/local/Cellar/gcc/9.2.0_3/lib/gcc/9/gcc/x86_64-apple-darwin19/9.2.0/include] ==> [/usr/local/Cellar/gcc/9.2.0_3/lib/gcc/9/gcc/x86_64-apple-darwin19/9.2.0/include]
  collapse include dir [/usr/local/Cellar/gcc/9.2.0_3/lib/gcc/9/gcc/x86_64-apple-darwin19/9.2.0/include-fixed] ==> [/usr/local/Cellar/gcc/9.2.0_3/lib/gcc/9/gcc/x86_64-apple-darwin19/9.2.0/include-fixed]
  collapse include dir [/Applications/Xcode.app/Contents/Developer/Platforms/MacOSX.platform/Developer/SDKs/MacOSX12.1.sdk/usr/include] ==> [/Applications/Xcode.app/Contents/Developer/Platforms/MacOSX.platform/Developer/SDKs/MacOSX12.1.sdk/usr/include]
  collapse include dir [/Applications/Xcode.app/Contents/Developer/Platforms/MacOSX.platform/Developer/SDKs/MacOSX12.1.sdk/System/Library/Frameworks] ==> [/Applications/Xcode.app/Contents/Developer/Platforms/MacOSX.platform/Developer/SDKs/MacOSX12.1.sdk/System/Library/Frameworks]
  implicit include dirs: [/usr/local/Cellar/gcc/9.2.0_3/lib/gcc/9/gcc/x86_64-apple-darwin19/9.2.0/include;/usr/local/Cellar/gcc/9.2.0_3/lib/gcc/9/gcc/x86_64-apple-darwin19/9.2.0/include-fixed;/Applications/Xcode.app/Contents/Developer/Platforms/MacOSX.platform/Developer/SDKs/MacOSX12.1.sdk/usr/include;/Applications/Xcode.app/Contents/Developer/Platforms/MacOSX.platform/Developer/SDKs/MacOSX12.1.sdk/System/Library/Frameworks]


Parsed C implicit link information from above output:
  link line regex: [^( *|.*[/\])(ld|CMAKE_LINK_STARTFILE-NOTFOUND|([^/\]+-)?ld|collect2)[^/\]*( |$)]
  ignore line: [Change Dir: /Users/weichijunbo/Documents/YFlow/build/CMakeFiles/CMakeTmp]
  ignore line: []
  ignore line: [Run Build Command(s):/Library/anaconda3/bin/ninja cmTC_06acd && [1/2] Building C object CMakeFiles/cmTC_06acd.dir/CMakeCCompilerABI.c.o]
  ignore line: [Using built-in specs.]
  ignore line: [COLLECT_GCC=/usr/local/bin/gcc-9]
  ignore line: [Target: x86_64-apple-darwin19]
  ignore line: [Configured with: ../configure --build=x86_64-apple-darwin19 --prefix=/usr/local/Cellar/gcc/9.2.0_3 --libdir=/usr/local/Cellar/gcc/9.2.0_3/lib/gcc/9 --disable-nls --enable-checking=release --enable-languages=c c++ objc obj-c++ fortran --program-suffix=-9 --with-gmp=/usr/local/opt/gmp --with-mpfr=/usr/local/opt/mpfr --with-mpc=/usr/local/opt/libmpc --with-isl=/usr/local/opt/isl --with-system-zlib --with-pkgversion='Homebrew GCC 9.2.0_3' --with-bugurl=https://github.com/Homebrew/homebrew-core/issues --disable-multilib --with-native-system-header-dir=/usr/include --with-sysroot=/Library/Developer/CommandLineTools/SDKs/MacOSX10.15.sdk]
  ignore line: [Thread model: posix]
  ignore line: [gcc version 9.2.0 (Homebrew GCC 9.2.0_3) ]
  ignore line: [COLLECT_GCC_OPTIONS='-isysroot' '/Applications/Xcode.app/Contents/Developer/Platforms/MacOSX.platform/Developer/SDKs/MacOSX12.1.sdk' '-v' '-o' 'CMakeFiles/cmTC_06acd.dir/CMakeCCompilerABI.c.o' '-c' '-mmacosx-version-min=10.17.0' '-asm_macosx_version_min=10.17' '-mtune=core2']
  ignore line: [ /usr/local/Cellar/gcc/9.2.0_3/libexec/gcc/x86_64-apple-darwin19/9.2.0/cc1 -quiet -v -D__DYNAMIC__ -isysroot /Applications/Xcode.app/Contents/Developer/Platforms/MacOSX.platform/Developer/SDKs/MacOSX12.1.sdk /usr/local/Cellar/cmake/3.16.2/share/cmake/Modules/CMakeCCompilerABI.c -fPIC -quiet -dumpbase CMakeCCompilerABI.c -mmacosx-version-min=10.17.0 -mtune=core2 -auxbase-strip CMakeFiles/cmTC_06acd.dir/CMakeCCompilerABI.c.o -version -o /var/folders/5n/8pjwg68x5zx8ghkrv7rxy5m40000gp/T//cchlfJeQ.s]
  ignore line: [GNU C17 (Homebrew GCC 9.2.0_3) version 9.2.0 (x86_64-apple-darwin19)]
  ignore line: [	compiled by GNU C version 9.2.0  GMP version 6.1.2  MPFR version 4.0.2  MPC version 1.1.0  isl version isl-0.22-GMP]
  ignore line: []
  ignore line: [GGC heuristics: --param ggc-min-expand=100 --param ggc-min-heapsize=131072]
  ignore line: [ignoring nonexistent directory "/Applications/Xcode.app/Contents/Developer/Platforms/MacOSX.platform/Developer/SDKs/MacOSX12.1.sdk/usr/local/include"]
  ignore line: [ignoring nonexistent directory "/usr/local/Cellar/gcc/9.2.0_3/lib/gcc/9/gcc/x86_64-apple-darwin19/9.2.0/../../../../../../x86_64-apple-darwin19/include"]
  ignore line: [ignoring nonexistent directory "/Applications/Xcode.app/Contents/Developer/Platforms/MacOSX.platform/Developer/SDKs/MacOSX12.1.sdk/Library/Frameworks"]
  ignore line: [#include "..." search starts here:]
  ignore line: [#include <...> search starts here:]
  ignore line: [ /usr/local/Cellar/gcc/9.2.0_3/lib/gcc/9/gcc/x86_64-apple-darwin19/9.2.0/include]
  ignore line: [ /usr/local/Cellar/gcc/9.2.0_3/lib/gcc/9/gcc/x86_64-apple-darwin19/9.2.0/include-fixed]
  ignore line: [ /Applications/Xcode.app/Contents/Developer/Platforms/MacOSX.platform/Developer/SDKs/MacOSX12.1.sdk/usr/include]
  ignore line: [ /Applications/Xcode.app/Contents/Developer/Platforms/MacOSX.platform/Developer/SDKs/MacOSX12.1.sdk/System/Library/Frameworks]
  ignore line: [End of search list.]
  ignore line: [GNU C17 (Homebrew GCC 9.2.0_3) version 9.2.0 (x86_64-apple-darwin19)]
  ignore line: [	compiled by GNU C version 9.2.0  GMP version 6.1.2  MPFR version 4.0.2  MPC version 1.1.0  isl version isl-0.22-GMP]
  ignore line: []
  ignore line: [GGC heuristics: --param ggc-min-expand=100 --param ggc-min-heapsize=131072]
  ignore line: [Compiler executable checksum: f889fcafa8086221081711d9f3ce7710]
  ignore line: [COLLECT_GCC_OPTIONS='-isysroot' '/Applications/Xcode.app/Contents/Developer/Platforms/MacOSX.platform/Developer/SDKs/MacOSX12.1.sdk' '-v' '-o' 'CMakeFiles/cmTC_06acd.dir/CMakeCCompilerABI.c.o' '-c' '-mmacosx-version-min=10.17.0'  '-mtune=core2']
  ignore line: [ as -arch x86_64 -v -force_cpusubtype_ALL -mmacosx-version-min=10.17 -o CMakeFiles/cmTC_06acd.dir/CMakeCCompilerABI.c.o /var/folders/5n/8pjwg68x5zx8ghkrv7rxy5m40000gp/T//cchlfJeQ.s]
  ignore line: [Apple clang version 13.0.0 (clang-1300.0.29.30)]
  ignore line: [Target: x86_64-apple-darwin21.3.0]
  ignore line: [Thread model: posix]
  ignore line: [InstalledDir: /Applications/Xcode.app/Contents/Developer/Toolchains/XcodeDefault.xctoolchain/usr/bin]
  ignore line: [ "/Applications/Xcode.app/Contents/Developer/Toolchains/XcodeDefault.xctoolchain/usr/bin/clang" -cc1as -triple x86_64-apple-macosx10.17.0 -filetype obj -main-file-name cchlfJeQ.s -target-cpu penryn -fdebug-compilation-dir /Users/weichijunbo/Documents/YFlow/build/CMakeFiles/CMakeTmp -dwarf-debug-producer "Apple clang version 13.0.0 (clang-1300.0.29.30)" -dwarf-version=4 -mrelocation-model pic --mrelax-relocations -mllvm -disable-aligned-alloc-awareness=1 -mllvm -enable-dse-memoryssa=0 -o CMakeFiles/cmTC_06acd.dir/CMakeCCompilerABI.c.o /var/folders/5n/8pjwg68x5zx8ghkrv7rxy5m40000gp/T//cchlfJeQ.s]
  ignore line: [COMPILER_PATH=/usr/local/Cellar/gcc/9.2.0_3/libexec/gcc/x86_64-apple-darwin19/9.2.0/:/usr/local/Cellar/gcc/9.2.0_3/libexec/gcc/x86_64-apple-darwin19/9.2.0/:/usr/local/Cellar/gcc/9.2.0_3/libexec/gcc/x86_64-apple-darwin19/:/usr/local/Cellar/gcc/9.2.0_3/lib/gcc/9/gcc/x86_64-apple-darwin19/9.2.0/:/usr/local/Cellar/gcc/9.2.0_3/lib/gcc/9/gcc/x86_64-apple-darwin19/]
  ignore line: [LIBRARY_PATH=/usr/local/Cellar/gcc/9.2.0_3/lib/gcc/9/gcc/x86_64-apple-darwin19/9.2.0/:/usr/local/Cellar/gcc/9.2.0_3/lib/gcc/9/gcc/x86_64-apple-darwin19/9.2.0/../../../]
  ignore line: [COLLECT_GCC_OPTIONS='-isysroot' '/Applications/Xcode.app/Contents/Developer/Platforms/MacOSX.platform/Developer/SDKs/MacOSX12.1.sdk' '-v' '-o' 'CMakeFiles/cmTC_06acd.dir/CMakeCCompilerABI.c.o' '-c' '-mmacosx-version-min=10.17.0'  '-mtune=core2']
  ignore line: [[2/2] Linking C executable cmTC_06acd]
  ignore line: [Using built-in specs.]
  ignore line: [COLLECT_GCC=/usr/local/bin/gcc-9]
  ignore line: [COLLECT_LTO_WRAPPER=/usr/local/Cellar/gcc/9.2.0_3/libexec/gcc/x86_64-apple-darwin19/9.2.0/lto-wrapper]
  ignore line: [Target: x86_64-apple-darwin19]
  ignore line: [Configured with: ../configure --build=x86_64-apple-darwin19 --prefix=/usr/local/Cellar/gcc/9.2.0_3 --libdir=/usr/local/Cellar/gcc/9.2.0_3/lib/gcc/9 --disable-nls --enable-checking=release --enable-languages=c c++ objc obj-c++ fortran --program-suffix=-9 --with-gmp=/usr/local/opt/gmp --with-mpfr=/usr/local/opt/mpfr --with-mpc=/usr/local/opt/libmpc --with-isl=/usr/local/opt/isl --with-system-zlib --with-pkgversion='Homebrew GCC 9.2.0_3' --with-bugurl=https://github.com/Homebrew/homebrew-core/issues --disable-multilib --with-native-system-header-dir=/usr/include --with-sysroot=/Library/Developer/CommandLineTools/SDKs/MacOSX10.15.sdk]
  ignore line: [Thread model: posix]
  ignore line: [gcc version 9.2.0 (Homebrew GCC 9.2.0_3) ]
  ignore line: [COMPILER_PATH=/usr/local/Cellar/gcc/9.2.0_3/libexec/gcc/x86_64-apple-darwin19/9.2.0/:/usr/local/Cellar/gcc/9.2.0_3/libexec/gcc/x86_64-apple-darwin19/9.2.0/:/usr/local/Cellar/gcc/9.2.0_3/libexec/gcc/x86_64-apple-darwin19/:/usr/local/Cellar/gcc/9.2.0_3/lib/gcc/9/gcc/x86_64-apple-darwin19/9.2.0/:/usr/local/Cellar/gcc/9.2.0_3/lib/gcc/9/gcc/x86_64-apple-darwin19/]
  ignore line: [LIBRARY_PATH=/usr/local/Cellar/gcc/9.2.0_3/lib/gcc/9/gcc/x86_64-apple-darwin19/9.2.0/:/usr/local/Cellar/gcc/9.2.0_3/lib/gcc/9/gcc/x86_64-apple-darwin19/9.2.0/../../../]
  ignore line: [COLLECT_GCC_OPTIONS='-isysroot' '/Applications/Xcode.app/Contents/Developer/Platforms/MacOSX.platform/Developer/SDKs/MacOSX12.1.sdk' '-v' '-o' 'cmTC_06acd' '-mmacosx-version-min=10.17.0' '-asm_macosx_version_min=10.17' '-mtune=core2']
  link line: [ /usr/local/Cellar/gcc/9.2.0_3/libexec/gcc/x86_64-apple-darwin19/9.2.0/collect2 -dynamic -arch x86_64 -macosx_version_min 10.17.0 -syslibroot /Applications/Xcode.app/Contents/Developer/Platforms/MacOSX.platform/Developer/SDKs/MacOSX12.1.sdk -weak_reference_mismatches non-weak -o cmTC_06acd -L/usr/local/Cellar/gcc/9.2.0_3/lib/gcc/9/gcc/x86_64-apple-darwin19/9.2.0 -L/usr/local/Cellar/gcc/9.2.0_3/lib/gcc/9/gcc/x86_64-apple-darwin19/9.2.0/../../.. -search_paths_first -headerpad_max_install_names -v CMakeFiles/cmTC_06acd.dir/CMakeCCompilerABI.c.o -no_compact_unwind -lSystem -lgcc_ext.10.5 -lgcc -lSystem -v]
    arg [/usr/local/Cellar/gcc/9.2.0_3/libexec/gcc/x86_64-apple-darwin19/9.2.0/collect2] ==> ignore
    arg [-dynamic] ==> ignore
    arg [-arch] ==> ignore
    arg [x86_64] ==> ignore
    arg [-macosx_version_min] ==> ignore
    arg [10.17.0] ==> ignore
    arg [-syslibroot] ==> ignore
    arg [/Applications/Xcode.app/Contents/Developer/Platforms/MacOSX.platform/Developer/SDKs/MacOSX12.1.sdk] ==> ignore
    arg [-weak_reference_mismatches] ==> ignore
    arg [non-weak] ==> ignore
    arg [-o] ==> ignore
    arg [cmTC_06acd] ==> ignore
    arg [-L/usr/local/Cellar/gcc/9.2.0_3/lib/gcc/9/gcc/x86_64-apple-darwin19/9.2.0] ==> dir [/usr/local/Cellar/gcc/9.2.0_3/lib/gcc/9/gcc/x86_64-apple-darwin19/9.2.0]
    arg [-L/usr/local/Cellar/gcc/9.2.0_3/lib/gcc/9/gcc/x86_64-apple-darwin19/9.2.0/../../..] ==> dir [/usr/local/Cellar/gcc/9.2.0_3/lib/gcc/9/gcc/x86_64-apple-darwin19/9.2.0/../../..]
    arg [-search_paths_first] ==> ignore
    arg [-headerpad_max_install_names] ==> ignore
    arg [-v] ==> ignore
    arg [CMakeFiles/cmTC_06acd.dir/CMakeCCompilerABI.c.o] ==> ignore
    arg [-no_compact_unwind] ==> ignore
    arg [-lSystem] ==> lib [System]
    arg [-lgcc_ext.10.5] ==> lib [gcc_ext.10.5]
    arg [-lgcc] ==> lib [gcc]
    arg [-lSystem] ==> lib [System]
    arg [-v] ==> ignore
  Library search paths: [;/usr/local/Cellar/gcc/9.2.0_3/lib/gcc/9/gcc/x86_64-apple-darwin19/9.2.0;/usr/local/Cellar/gcc/9.2.0_3/lib/gcc/9;/Applications/Xcode.app/Contents/Developer/Platforms/MacOSX.platform/Developer/SDKs/MacOSX12.1.sdk/usr/lib]
  Framework search paths: [;/Applications/Xcode.app/Contents/Developer/Platforms/MacOSX.platform/Developer/SDKs/MacOSX12.1.sdk/System/Library/Frameworks/]
  remove lib [System]
  remove lib [System]
  collapse library dir [/usr/local/Cellar/gcc/9.2.0_3/lib/gcc/9/gcc/x86_64-apple-darwin19/9.2.0] ==> [/usr/local/Cellar/gcc/9.2.0_3/lib/gcc/9/gcc/x86_64-apple-darwin19/9.2.0]
  collapse library dir [/usr/local/Cellar/gcc/9.2.0_3/lib/gcc/9/gcc/x86_64-apple-darwin19/9.2.0/../../..] ==> [/usr/local/Cellar/gcc/9.2.0_3/lib/gcc/9]
  collapse library dir [/usr/local/Cellar/gcc/9.2.0_3/lib/gcc/9/gcc/x86_64-apple-darwin19/9.2.0] ==> [/usr/local/Cellar/gcc/9.2.0_3/lib/gcc/9/gcc/x86_64-apple-darwin19/9.2.0]
  collapse library dir [/usr/local/Cellar/gcc/9.2.0_3/lib/gcc/9] ==> [/usr/local/Cellar/gcc/9.2.0_3/lib/gcc/9]
  collapse library dir [/Applications/Xcode.app/Contents/Developer/Platforms/MacOSX.platform/Developer/SDKs/MacOSX12.1.sdk/usr/lib] ==> [/Applications/Xcode.app/Contents/Developer/Platforms/MacOSX.platform/Developer/SDKs/MacOSX12.1.sdk/usr/lib]
  collapse framework dir [/Applications/Xcode.app/Contents/Developer/Platforms/MacOSX.platform/Developer/SDKs/MacOSX12.1.sdk/System/Library/Frameworks/] ==> [/Applications/Xcode.app/Contents/Developer/Platforms/MacOSX.platform/Developer/SDKs/MacOSX12.1.sdk/System/Library/Frameworks]
  implicit libs: [gcc_ext.10.5;gcc]
  implicit dirs: [/usr/local/Cellar/gcc/9.2.0_3/lib/gcc/9/gcc/x86_64-apple-darwin19/9.2.0;/usr/local/Cellar/gcc/9.2.0_3/lib/gcc/9;/Applications/Xcode.app/Contents/Developer/Platforms/MacOSX.platform/Developer/SDKs/MacOSX12.1.sdk/usr/lib]
  implicit fwks: [/Applications/Xcode.app/Contents/Developer/Platforms/MacOSX.platform/Developer/SDKs/MacOSX12.1.sdk/System/Library/Frameworks]


Determining if the CXX compiler works passed with the following output:
Change Dir: /Users/weichijunbo/Documents/YFlow/build/CMakeFiles/CMakeTmp

Run Build Command(s):/Library/anaconda3/bin/ninja cmTC_f7439 && [1/2] Building CXX object CMakeFiles/cmTC_f7439.dir/testCXXCompiler.cxx.o
[2/2] Linking CXX executable cmTC_f7439



Detecting CXX compiler ABI info compiled with the following output:
Change Dir: /Users/weichijunbo/Documents/YFlow/build/CMakeFiles/CMakeTmp

Run Build Command(s):/Library/anaconda3/bin/ninja cmTC_e5237 && [1/2] Building CXX object CMakeFiles/cmTC_e5237.dir/CMakeCXXCompilerABI.cpp.o
Using built-in specs.
COLLECT_GCC=/usr/local/bin/g++-9
Target: x86_64-apple-darwin19
Configured with: ../configure --build=x86_64-apple-darwin19 --prefix=/usr/local/Cellar/gcc/9.2.0_3 --libdir=/usr/local/Cellar/gcc/9.2.0_3/lib/gcc/9 --disable-nls --enable-checking=release --enable-languages=c,c++,objc,obj-c++,fortran --program-suffix=-9 --with-gmp=/usr/local/opt/gmp --with-mpfr=/usr/local/opt/mpfr --with-mpc=/usr/local/opt/libmpc --with-isl=/usr/local/opt/isl --with-system-zlib --with-pkgversion='Homebrew GCC 9.2.0_3' --with-bugurl=https://github.com/Homebrew/homebrew-core/issues --disable-multilib --with-native-system-header-dir=/usr/include --with-sysroot=/Library/Developer/CommandLineTools/SDKs/MacOSX10.15.sdk
Thread model: posix
gcc version 9.2.0 (Homebrew GCC 9.2.0_3) 
COLLECT_GCC_OPTIONS='-isysroot' '/Applications/Xcode.app/Contents/Developer/Platforms/MacOSX.platform/Developer/SDKs/MacOSX12.1.sdk' '-v' '-o' 'CMakeFiles/cmTC_e5237.dir/CMakeCXXCompilerABI.cpp.o' '-c' '-mmacosx-version-min=10.17.0' '-asm_macosx_version_min=10.17' '-shared-libgcc' '-mtune=core2'
 /usr/local/Cellar/gcc/9.2.0_3/libexec/gcc/x86_64-apple-darwin19/9.2.0/cc1plus -quiet -v -D__DYNAMIC__ -isysroot /Applications/Xcode.app/Contents/Developer/Platforms/MacOSX.platform/Developer/SDKs/MacOSX12.1.sdk /usr/local/Cellar/cmake/3.16.2/share/cmake/Modules/CMakeCXXCompilerABI.cpp -fPIC -quiet -dumpbase CMakeCXXCompilerABI.cpp -mmacosx-version-min=10.17.0 -mtune=core2 -auxbase-strip CMakeFiles/cmTC_e5237.dir/CMakeCXXCompilerABI.cpp.o -version -o /var/folders/5n/8pjwg68x5zx8ghkrv7rxy5m40000gp/T//ccrENQoR.s
GNU C++14 (Homebrew GCC 9.2.0_3) version 9.2.0 (x86_64-apple-darwin19)
	compiled by GNU C version 9.2.0, GMP version 6.1.2, MPFR version 4.0.2, MPC version 1.1.0, isl version isl-0.22-GMP

GGC heuristics: --param ggc-min-expand=100 --param ggc-min-heapsize=131072
ignoring nonexistent directory "/Applications/Xcode.app/Contents/Developer/Platforms/MacOSX.platform/Developer/SDKs/MacOSX12.1.sdk/usr/local/include"
ignoring nonexistent directory "/usr/local/Cellar/gcc/9.2.0_3/lib/gcc/9/gcc/x86_64-apple-darwin19/9.2.0/../../../../../../x86_64-apple-darwin19/include"
ignoring nonexistent directory "/Applications/Xcode.app/Contents/Developer/Platforms/MacOSX.platform/Developer/SDKs/MacOSX12.1.sdk/Library/Frameworks"
#include "..." search starts here:
#include <...> search starts here:
 /usr/local/Cellar/gcc/9.2.0_3/lib/gcc/9/gcc/x86_64-apple-darwin19/9.2.0/../../../../../../include/c++/9.2.0
 /usr/local/Cellar/gcc/9.2.0_3/lib/gcc/9/gcc/x86_64-apple-darwin19/9.2.0/../../../../../../include/c++/9.2.0/x86_64-apple-darwin19
 /usr/local/Cellar/gcc/9.2.0_3/lib/gcc/9/gcc/x86_64-apple-darwin19/9.2.0/../../../../../../include/c++/9.2.0/backward
 /usr/local/Cellar/gcc/9.2.0_3/lib/gcc/9/gcc/x86_64-apple-darwin19/9.2.0/include
 /usr/local/Cellar/gcc/9.2.0_3/lib/gcc/9/gcc/x86_64-apple-darwin19/9.2.0/include-fixed
 /Applications/Xcode.app/Contents/Developer/Platforms/MacOSX.platform/Developer/SDKs/MacOSX12.1.sdk/usr/include
 /Applications/Xcode.app/Contents/Developer/Platforms/MacOSX.platform/Developer/SDKs/MacOSX12.1.sdk/System/Library/Frameworks
End of search list.
GNU C++14 (Homebrew GCC 9.2.0_3) version 9.2.0 (x86_64-apple-darwin19)
	compiled by GNU C version 9.2.0, GMP version 6.1.2, MPFR version 4.0.2, MPC version 1.1.0, isl version isl-0.22-GMP

GGC heuristics: --param ggc-min-expand=100 --param ggc-min-heapsize=131072
Compiler executable checksum: 2a9ac0a682821718d408540aa7c7dc65
COLLECT_GCC_OPTIONS='-isysroot' '/Applications/Xcode.app/Contents/Developer/Platforms/MacOSX.platform/Developer/SDKs/MacOSX12.1.sdk' '-v' '-o' 'CMakeFiles/cmTC_e5237.dir/CMakeCXXCompilerABI.cpp.o' '-c' '-mmacosx-version-min=10.17.0'  '-shared-libgcc' '-mtune=core2'
 as -arch x86_64 -v -force_cpusubtype_ALL -mmacosx-version-min=10.17 -o CMakeFiles/cmTC_e5237.dir/CMakeCXXCompilerABI.cpp.o /var/folders/5n/8pjwg68x5zx8ghkrv7rxy5m40000gp/T//ccrENQoR.s
Apple clang version 13.0.0 (clang-1300.0.29.30)
Target: x86_64-apple-darwin21.3.0
Thread model: posix
InstalledDir: /Applications/Xcode.app/Contents/Developer/Toolchains/XcodeDefault.xctoolchain/usr/bin
 "/Applications/Xcode.app/Contents/Developer/Toolchains/XcodeDefault.xctoolchain/usr/bin/clang" -cc1as -triple x86_64-apple-macosx10.17.0 -filetype obj -main-file-name ccrENQoR.s -target-cpu penryn -fdebug-compilation-dir /Users/weichijunbo/Documents/YFlow/build/CMakeFiles/CMakeTmp -dwarf-debug-producer "Apple clang version 13.0.0 (clang-1300.0.29.30)" -dwarf-version=4 -mrelocation-model pic --mrelax-relocations -mllvm -disable-aligned-alloc-awareness=1 -mllvm -enable-dse-memoryssa=0 -o CMakeFiles/cmTC_e5237.dir/CMakeCXXCompilerABI.cpp.o /var/folders/5n/8pjwg68x5zx8ghkrv7rxy5m40000gp/T//ccrENQoR.s
COMPILER_PATH=/usr/local/Cellar/gcc/9.2.0_3/libexec/gcc/x86_64-apple-darwin19/9.2.0/:/usr/local/Cellar/gcc/9.2.0_3/libexec/gcc/x86_64-apple-darwin19/9.2.0/:/usr/local/Cellar/gcc/9.2.0_3/libexec/gcc/x86_64-apple-darwin19/:/usr/local/Cellar/gcc/9.2.0_3/lib/gcc/9/gcc/x86_64-apple-darwin19/9.2.0/:/usr/local/Cellar/gcc/9.2.0_3/lib/gcc/9/gcc/x86_64-apple-darwin19/
LIBRARY_PATH=/usr/local/Cellar/gcc/9.2.0_3/lib/gcc/9/gcc/x86_64-apple-darwin19/9.2.0/:/usr/local/Cellar/gcc/9.2.0_3/lib/gcc/9/gcc/x86_64-apple-darwin19/9.2.0/../../../
COLLECT_GCC_OPTIONS='-isysroot' '/Applications/Xcode.app/Contents/Developer/Platforms/MacOSX.platform/Developer/SDKs/MacOSX12.1.sdk' '-v' '-o' 'CMakeFiles/cmTC_e5237.dir/CMakeCXXCompilerABI.cpp.o' '-c' '-mmacosx-version-min=10.17.0'  '-shared-libgcc' '-mtune=core2'
[2/2] Linking CXX executable cmTC_e5237
Using built-in specs.
COLLECT_GCC=/usr/local/bin/g++-9
COLLECT_LTO_WRAPPER=/usr/local/Cellar/gcc/9.2.0_3/libexec/gcc/x86_64-apple-darwin19/9.2.0/lto-wrapper
Target: x86_64-apple-darwin19
Configured with: ../configure --build=x86_64-apple-darwin19 --prefix=/usr/local/Cellar/gcc/9.2.0_3 --libdir=/usr/local/Cellar/gcc/9.2.0_3/lib/gcc/9 --disable-nls --enable-checking=release --enable-languages=c,c++,objc,obj-c++,fortran --program-suffix=-9 --with-gmp=/usr/local/opt/gmp --with-mpfr=/usr/local/opt/mpfr --with-mpc=/usr/local/opt/libmpc --with-isl=/usr/local/opt/isl --with-system-zlib --with-pkgversion='Homebrew GCC 9.2.0_3' --with-bugurl=https://github.com/Homebrew/homebrew-core/issues --disable-multilib --with-native-system-header-dir=/usr/include --with-sysroot=/Library/Developer/CommandLineTools/SDKs/MacOSX10.15.sdk
Thread model: posix
gcc version 9.2.0 (Homebrew GCC 9.2.0_3) 
COMPILER_PATH=/usr/local/Cellar/gcc/9.2.0_3/libexec/gcc/x86_64-apple-darwin19/9.2.0/:/usr/local/Cellar/gcc/9.2.0_3/libexec/gcc/x86_64-apple-darwin19/9.2.0/:/usr/local/Cellar/gcc/9.2.0_3/libexec/gcc/x86_64-apple-darwin19/:/usr/local/Cellar/gcc/9.2.0_3/lib/gcc/9/gcc/x86_64-apple-darwin19/9.2.0/:/usr/local/Cellar/gcc/9.2.0_3/lib/gcc/9/gcc/x86_64-apple-darwin19/
LIBRARY_PATH=/usr/local/Cellar/gcc/9.2.0_3/lib/gcc/9/gcc/x86_64-apple-darwin19/9.2.0/:/usr/local/Cellar/gcc/9.2.0_3/lib/gcc/9/gcc/x86_64-apple-darwin19/9.2.0/../../../
COLLECT_GCC_OPTIONS='-isysroot' '/Applications/Xcode.app/Contents/Developer/Platforms/MacOSX.platform/Developer/SDKs/MacOSX12.1.sdk' '-v' '-o' 'cmTC_e5237' '-mmacosx-version-min=10.17.0' '-asm_macosx_version_min=10.17' '-shared-libgcc' '-mtune=core2'
 /usr/local/Cellar/gcc/9.2.0_3/libexec/gcc/x86_64-apple-darwin19/9.2.0/collect2 -dynamic -arch x86_64 -macosx_version_min 10.17.0 -syslibroot /Applications/Xcode.app/Contents/Developer/Platforms/MacOSX.platform/Developer/SDKs/MacOSX12.1.sdk -weak_reference_mismatches non-weak -o cmTC_e5237 -L/usr/local/Cellar/gcc/9.2.0_3/lib/gcc/9/gcc/x86_64-apple-darwin19/9.2.0 -L/usr/local/Cellar/gcc/9.2.0_3/lib/gcc/9/gcc/x86_64-apple-darwin19/9.2.0/../../.. -search_paths_first -headerpad_max_install_names -v CMakeFiles/cmTC_e5237.dir/CMakeCXXCompilerABI.cpp.o -lstdc++ -no_compact_unwind -lSystem -lgcc_ext.10.5 -lgcc -lSystem -v
collect2 version 9.2.0
/usr/bin/ld -dynamic -arch x86_64 -macosx_version_min 10.17.0 -syslibroot /Applications/Xcode.app/Contents/Developer/Platforms/MacOSX.platform/Developer/SDKs/MacOSX12.1.sdk -weak_reference_mismatches non-weak -o cmTC_e5237 -L/usr/local/Cellar/gcc/9.2.0_3/lib/gcc/9/gcc/x86_64-apple-darwin19/9.2.0 -L/usr/local/Cellar/gcc/9.2.0_3/lib/gcc/9/gcc/x86_64-apple-darwin19/9.2.0/../../.. -search_paths_first -headerpad_max_install_names -v CMakeFiles/cmTC_e5237.dir/CMakeCXXCompilerABI.cpp.o -lstdc++ -no_compact_unwind -lSystem -lgcc_ext.10.5 -lgcc -lSystem -v
@(#)PROGRAM:ld  PROJECT:ld64-711
BUILD 21:57:11 Nov 17 2021
configured to support archs: armv6 armv7 armv7s arm64 arm64e arm64_32 i386 x86_64 x86_64h armv6m armv7k armv7m armv7em
@(#)PROGRAM:ld  PROJECT:ld64-711
BUILD 21:57:11 Nov 17 2021
configured to support archs: armv6 armv7 armv7s arm64 arm64e arm64_32 i386 x86_64 x86_64h armv6m armv7k armv7m armv7em
Library search paths:
	/usr/local/Cellar/gcc/9.2.0_3/lib/gcc/9/gcc/x86_64-apple-darwin19/9.2.0
	/usr/local/Cellar/gcc/9.2.0_3/lib/gcc/9
	/Applications/Xcode.app/Contents/Developer/Platforms/MacOSX.platform/Developer/SDKs/MacOSX12.1.sdk/usr/lib
Framework search paths:
	/Applications/Xcode.app/Contents/Developer/Platforms/MacOSX.platform/Developer/SDKs/MacOSX12.1.sdk/System/Library/Frameworks/



Parsed CXX implicit include dir info from above output: rv=done
  found start of include info
  found start of implicit include info
    add: [/usr/local/Cellar/gcc/9.2.0_3/lib/gcc/9/gcc/x86_64-apple-darwin19/9.2.0/../../../../../../include/c++/9.2.0]
    add: [/usr/local/Cellar/gcc/9.2.0_3/lib/gcc/9/gcc/x86_64-apple-darwin19/9.2.0/../../../../../../include/c++/9.2.0/x86_64-apple-darwin19]
    add: [/usr/local/Cellar/gcc/9.2.0_3/lib/gcc/9/gcc/x86_64-apple-darwin19/9.2.0/../../../../../../include/c++/9.2.0/backward]
    add: [/usr/local/Cellar/gcc/9.2.0_3/lib/gcc/9/gcc/x86_64-apple-darwin19/9.2.0/include]
    add: [/usr/local/Cellar/gcc/9.2.0_3/lib/gcc/9/gcc/x86_64-apple-darwin19/9.2.0/include-fixed]
    add: [/Applications/Xcode.app/Contents/Developer/Platforms/MacOSX.platform/Developer/SDKs/MacOSX12.1.sdk/usr/include]
    add: [/Applications/Xcode.app/Contents/Developer/Platforms/MacOSX.platform/Developer/SDKs/MacOSX12.1.sdk/System/Library/Frameworks]
  end of search list found
  collapse include dir [/usr/local/Cellar/gcc/9.2.0_3/lib/gcc/9/gcc/x86_64-apple-darwin19/9.2.0/../../../../../../include/c++/9.2.0] ==> [/usr/local/Cellar/gcc/9.2.0_3/include/c++/9.2.0]
  collapse include dir [/usr/local/Cellar/gcc/9.2.0_3/lib/gcc/9/gcc/x86_64-apple-darwin19/9.2.0/../../../../../../include/c++/9.2.0/x86_64-apple-darwin19] ==> [/usr/local/Cellar/gcc/9.2.0_3/include/c++/9.2.0/x86_64-apple-darwin19]
  collapse include dir [/usr/local/Cellar/gcc/9.2.0_3/lib/gcc/9/gcc/x86_64-apple-darwin19/9.2.0/../../../../../../include/c++/9.2.0/backward] ==> [/usr/local/Cellar/gcc/9.2.0_3/include/c++/9.2.0/backward]
  collapse include dir [/usr/local/Cellar/gcc/9.2.0_3/lib/gcc/9/gcc/x86_64-apple-darwin19/9.2.0/include] ==> [/usr/local/Cellar/gcc/9.2.0_3/lib/gcc/9/gcc/x86_64-apple-darwin19/9.2.0/include]
  collapse include dir [/usr/local/Cellar/gcc/9.2.0_3/lib/gcc/9/gcc/x86_64-apple-darwin19/9.2.0/include-fixed] ==> [/usr/local/Cellar/gcc/9.2.0_3/lib/gcc/9/gcc/x86_64-apple-darwin19/9.2.0/include-fixed]
  collapse include dir [/Applications/Xcode.app/Contents/Developer/Platforms/MacOSX.platform/Developer/SDKs/MacOSX12.1.sdk/usr/include] ==> [/Applications/Xcode.app/Contents/Developer/Platforms/MacOSX.platform/Developer/SDKs/MacOSX12.1.sdk/usr/include]
  collapse include dir [/Applications/Xcode.app/Contents/Developer/Platforms/MacOSX.platform/Developer/SDKs/MacOSX12.1.sdk/System/Library/Frameworks] ==> [/Applications/Xcode.app/Contents/Developer/Platforms/MacOSX.platform/Developer/SDKs/MacOSX12.1.sdk/System/Library/Frameworks]
  implicit include dirs: [/usr/local/Cellar/gcc/9.2.0_3/include/c++/9.2.0;/usr/local/Cellar/gcc/9.2.0_3/include/c++/9.2.0/x86_64-apple-darwin19;/usr/local/Cellar/gcc/9.2.0_3/include/c++/9.2.0/backward;/usr/local/Cellar/gcc/9.2.0_3/lib/gcc/9/gcc/x86_64-apple-darwin19/9.2.0/include;/usr/local/Cellar/gcc/9.2.0_3/lib/gcc/9/gcc/x86_64-apple-darwin19/9.2.0/include-fixed;/Applications/Xcode.app/Contents/Developer/Platforms/MacOSX.platform/Developer/SDKs/MacOSX12.1.sdk/usr/include;/Applications/Xcode.app/Contents/Developer/Platforms/MacOSX.platform/Developer/SDKs/MacOSX12.1.sdk/System/Library/Frameworks]


Parsed CXX implicit link information from above output:
  link line regex: [^( *|.*[/\])(ld|CMAKE_LINK_STARTFILE-NOTFOUND|([^/\]+-)?ld|collect2)[^/\]*( |$)]
  ignore line: [Change Dir: /Users/weichijunbo/Documents/YFlow/build/CMakeFiles/CMakeTmp]
  ignore line: []
  ignore line: [Run Build Command(s):/Library/anaconda3/bin/ninja cmTC_e5237 && [1/2] Building CXX object CMakeFiles/cmTC_e5237.dir/CMakeCXXCompilerABI.cpp.o]
  ignore line: [Using built-in specs.]
  ignore line: [COLLECT_GCC=/usr/local/bin/g++-9]
  ignore line: [Target: x86_64-apple-darwin19]
  ignore line: [Configured with: ../configure --build=x86_64-apple-darwin19 --prefix=/usr/local/Cellar/gcc/9.2.0_3 --libdir=/usr/local/Cellar/gcc/9.2.0_3/lib/gcc/9 --disable-nls --enable-checking=release --enable-languages=c c++ objc obj-c++ fortran --program-suffix=-9 --with-gmp=/usr/local/opt/gmp --with-mpfr=/usr/local/opt/mpfr --with-mpc=/usr/local/opt/libmpc --with-isl=/usr/local/opt/isl --with-system-zlib --with-pkgversion='Homebrew GCC 9.2.0_3' --with-bugurl=https://github.com/Homebrew/homebrew-core/issues --disable-multilib --with-native-system-header-dir=/usr/include --with-sysroot=/Library/Developer/CommandLineTools/SDKs/MacOSX10.15.sdk]
  ignore line: [Thread model: posix]
  ignore line: [gcc version 9.2.0 (Homebrew GCC 9.2.0_3) ]
  ignore line: [COLLECT_GCC_OPTIONS='-isysroot' '/Applications/Xcode.app/Contents/Developer/Platforms/MacOSX.platform/Developer/SDKs/MacOSX12.1.sdk' '-v' '-o' 'CMakeFiles/cmTC_e5237.dir/CMakeCXXCompilerABI.cpp.o' '-c' '-mmacosx-version-min=10.17.0' '-asm_macosx_version_min=10.17' '-shared-libgcc' '-mtune=core2']
  ignore line: [ /usr/local/Cellar/gcc/9.2.0_3/libexec/gcc/x86_64-apple-darwin19/9.2.0/cc1plus -quiet -v -D__DYNAMIC__ -isysroot /Applications/Xcode.app/Contents/Developer/Platforms/MacOSX.platform/Developer/SDKs/MacOSX12.1.sdk /usr/local/Cellar/cmake/3.16.2/share/cmake/Modules/CMakeCXXCompilerABI.cpp -fPIC -quiet -dumpbase CMakeCXXCompilerABI.cpp -mmacosx-version-min=10.17.0 -mtune=core2 -auxbase-strip CMakeFiles/cmTC_e5237.dir/CMakeCXXCompilerABI.cpp.o -version -o /var/folders/5n/8pjwg68x5zx8ghkrv7rxy5m40000gp/T//ccrENQoR.s]
  ignore line: [GNU C++14 (Homebrew GCC 9.2.0_3) version 9.2.0 (x86_64-apple-darwin19)]
  ignore line: [	compiled by GNU C version 9.2.0  GMP version 6.1.2  MPFR version 4.0.2  MPC version 1.1.0  isl version isl-0.22-GMP]
  ignore line: []
  ignore line: [GGC heuristics: --param ggc-min-expand=100 --param ggc-min-heapsize=131072]
  ignore line: [ignoring nonexistent directory "/Applications/Xcode.app/Contents/Developer/Platforms/MacOSX.platform/Developer/SDKs/MacOSX12.1.sdk/usr/local/include"]
  ignore line: [ignoring nonexistent directory "/usr/local/Cellar/gcc/9.2.0_3/lib/gcc/9/gcc/x86_64-apple-darwin19/9.2.0/../../../../../../x86_64-apple-darwin19/include"]
  ignore line: [ignoring nonexistent directory "/Applications/Xcode.app/Contents/Developer/Platforms/MacOSX.platform/Developer/SDKs/MacOSX12.1.sdk/Library/Frameworks"]
  ignore line: [#include "..." search starts here:]
  ignore line: [#include <...> search starts here:]
  ignore line: [ /usr/local/Cellar/gcc/9.2.0_3/lib/gcc/9/gcc/x86_64-apple-darwin19/9.2.0/../../../../../../include/c++/9.2.0]
  ignore line: [ /usr/local/Cellar/gcc/9.2.0_3/lib/gcc/9/gcc/x86_64-apple-darwin19/9.2.0/../../../../../../include/c++/9.2.0/x86_64-apple-darwin19]
  ignore line: [ /usr/local/Cellar/gcc/9.2.0_3/lib/gcc/9/gcc/x86_64-apple-darwin19/9.2.0/../../../../../../include/c++/9.2.0/backward]
  ignore line: [ /usr/local/Cellar/gcc/9.2.0_3/lib/gcc/9/gcc/x86_64-apple-darwin19/9.2.0/include]
  ignore line: [ /usr/local/Cellar/gcc/9.2.0_3/lib/gcc/9/gcc/x86_64-apple-darwin19/9.2.0/include-fixed]
  ignore line: [ /Applications/Xcode.app/Contents/Developer/Platforms/MacOSX.platform/Developer/SDKs/MacOSX12.1.sdk/usr/include]
  ignore line: [ /Applications/Xcode.app/Contents/Developer/Platforms/MacOSX.platform/Developer/SDKs/MacOSX12.1.sdk/System/Library/Frameworks]
  ignore line: [End of search list.]
  ignore line: [GNU C++14 (Homebrew GCC 9.2.0_3) version 9.2.0 (x86_64-apple-darwin19)]
  ignore line: [	compiled by GNU C version 9.2.0  GMP version 6.1.2  MPFR version 4.0.2  MPC version 1.1.0  isl version isl-0.22-GMP]
  ignore line: []
  ignore line: [GGC heuristics: --param ggc-min-expand=100 --param ggc-min-heapsize=131072]
  ignore line: [Compiler executable checksum: 2a9ac0a682821718d408540aa7c7dc65]
  ignore line: [COLLECT_GCC_OPTIONS='-isysroot' '/Applications/Xcode.app/Contents/Developer/Platforms/MacOSX.platform/Developer/SDKs/MacOSX12.1.sdk' '-v' '-o' 'CMakeFiles/cmTC_e5237.dir/CMakeCXXCompilerABI.cpp.o' '-c' '-mmacosx-version-min=10.17.0'  '-shared-libgcc' '-mtune=core2']
  ignore line: [ as -arch x86_64 -v -force_cpusubtype_ALL -mmacosx-version-min=10.17 -o CMakeFiles/cmTC_e5237.dir/CMakeCXXCompilerABI.cpp.o /var/folders/5n/8pjwg68x5zx8ghkrv7rxy5m40000gp/T//ccrENQoR.s]
  ignore line: [Apple clang version 13.0.0 (clang-1300.0.29.30)]
  ignore line: [Target: x86_64-apple-darwin21.3.0]
  ignore line: [Thread model: posix]
  ignore line: [InstalledDir: /Applications/Xcode.app/Contents/Developer/Toolchains/XcodeDefault.xctoolchain/usr/bin]
  ignore line: [ "/Applications/Xcode.app/Contents/Developer/Toolchains/XcodeDefault.xctoolchain/usr/bin/clang" -cc1as -triple x86_64-apple-macosx10.17.0 -filetype obj -main-file-name ccrENQoR.s -target-cpu penryn -fdebug-compilation-dir /Users/weichijunbo/Documents/YFlow/build/CMakeFiles/CMakeTmp -dwarf-debug-producer "Apple clang version 13.0.0 (clang-1300.0.29.30)" -dwarf-version=4 -mrelocation-model pic --mrelax-relocations -mllvm -disable-aligned-alloc-awareness=1 -mllvm -enable-dse-memoryssa=0 -o CMakeFiles/cmTC_e5237.dir/CMakeCXXCompilerABI.cpp.o /var/folders/5n/8pjwg68x5zx8ghkrv7rxy5m40000gp/T//ccrENQoR.s]
  ignore line: [COMPILER_PATH=/usr/local/Cellar/gcc/9.2.0_3/libexec/gcc/x86_64-apple-darwin19/9.2.0/:/usr/local/Cellar/gcc/9.2.0_3/libexec/gcc/x86_64-apple-darwin19/9.2.0/:/usr/local/Cellar/gcc/9.2.0_3/libexec/gcc/x86_64-apple-darwin19/:/usr/local/Cellar/gcc/9.2.0_3/lib/gcc/9/gcc/x86_64-apple-darwin19/9.2.0/:/usr/local/Cellar/gcc/9.2.0_3/lib/gcc/9/gcc/x86_64-apple-darwin19/]
  ignore line: [LIBRARY_PATH=/usr/local/Cellar/gcc/9.2.0_3/lib/gcc/9/gcc/x86_64-apple-darwin19/9.2.0/:/usr/local/Cellar/gcc/9.2.0_3/lib/gcc/9/gcc/x86_64-apple-darwin19/9.2.0/../../../]
  ignore line: [COLLECT_GCC_OPTIONS='-isysroot' '/Applications/Xcode.app/Contents/Developer/Platforms/MacOSX.platform/Developer/SDKs/MacOSX12.1.sdk' '-v' '-o' 'CMakeFiles/cmTC_e5237.dir/CMakeCXXCompilerABI.cpp.o' '-c' '-mmacosx-version-min=10.17.0'  '-shared-libgcc' '-mtune=core2']
  ignore line: [[2/2] Linking CXX executable cmTC_e5237]
  ignore line: [Using built-in specs.]
  ignore line: [COLLECT_GCC=/usr/local/bin/g++-9]
  ignore line: [COLLECT_LTO_WRAPPER=/usr/local/Cellar/gcc/9.2.0_3/libexec/gcc/x86_64-apple-darwin19/9.2.0/lto-wrapper]
  ignore line: [Target: x86_64-apple-darwin19]
  ignore line: [Configured with: ../configure --build=x86_64-apple-darwin19 --prefix=/usr/local/Cellar/gcc/9.2.0_3 --libdir=/usr/local/Cellar/gcc/9.2.0_3/lib/gcc/9 --disable-nls --enable-checking=release --enable-languages=c c++ objc obj-c++ fortran --program-suffix=-9 --with-gmp=/usr/local/opt/gmp --with-mpfr=/usr/local/opt/mpfr --with-mpc=/usr/local/opt/libmpc --with-isl=/usr/local/opt/isl --with-system-zlib --with-pkgversion='Homebrew GCC 9.2.0_3' --with-bugurl=https://github.com/Homebrew/homebrew-core/issues --disable-multilib --with-native-system-header-dir=/usr/include --with-sysroot=/Library/Developer/CommandLineTools/SDKs/MacOSX10.15.sdk]
  ignore line: [Thread model: posix]
  ignore line: [gcc version 9.2.0 (Homebrew GCC 9.2.0_3) ]
  ignore line: [COMPILER_PATH=/usr/local/Cellar/gcc/9.2.0_3/libexec/gcc/x86_64-apple-darwin19/9.2.0/:/usr/local/Cellar/gcc/9.2.0_3/libexec/gcc/x86_64-apple-darwin19/9.2.0/:/usr/local/Cellar/gcc/9.2.0_3/libexec/gcc/x86_64-apple-darwin19/:/usr/local/Cellar/gcc/9.2.0_3/lib/gcc/9/gcc/x86_64-apple-darwin19/9.2.0/:/usr/local/Cellar/gcc/9.2.0_3/lib/gcc/9/gcc/x86_64-apple-darwin19/]
  ignore line: [LIBRARY_PATH=/usr/local/Cellar/gcc/9.2.0_3/lib/gcc/9/gcc/x86_64-apple-darwin19/9.2.0/:/usr/local/Cellar/gcc/9.2.0_3/lib/gcc/9/gcc/x86_64-apple-darwin19/9.2.0/../../../]
  ignore line: [COLLECT_GCC_OPTIONS='-isysroot' '/Applications/Xcode.app/Contents/Developer/Platforms/MacOSX.platform/Developer/SDKs/MacOSX12.1.sdk' '-v' '-o' 'cmTC_e5237' '-mmacosx-version-min=10.17.0' '-asm_macosx_version_min=10.17' '-shared-libgcc' '-mtune=core2']
  link line: [ /usr/local/Cellar/gcc/9.2.0_3/libexec/gcc/x86_64-apple-darwin19/9.2.0/collect2 -dynamic -arch x86_64 -macosx_version_min 10.17.0 -syslibroot /Applications/Xcode.app/Contents/Developer/Platforms/MacOSX.platform/Developer/SDKs/MacOSX12.1.sdk -weak_reference_mismatches non-weak -o cmTC_e5237 -L/usr/local/Cellar/gcc/9.2.0_3/lib/gcc/9/gcc/x86_64-apple-darwin19/9.2.0 -L/usr/local/Cellar/gcc/9.2.0_3/lib/gcc/9/gcc/x86_64-apple-darwin19/9.2.0/../../.. -search_paths_first -headerpad_max_install_names -v CMakeFiles/cmTC_e5237.dir/CMakeCXXCompilerABI.cpp.o -lstdc++ -no_compact_unwind -lSystem -lgcc_ext.10.5 -lgcc -lSystem -v]
    arg [/usr/local/Cellar/gcc/9.2.0_3/libexec/gcc/x86_64-apple-darwin19/9.2.0/collect2] ==> ignore
    arg [-dynamic] ==> ignore
    arg [-arch] ==> ignore
    arg [x86_64] ==> ignore
    arg [-macosx_version_min] ==> ignore
    arg [10.17.0] ==> ignore
    arg [-syslibroot] ==> ignore
    arg [/Applications/Xcode.app/Contents/Developer/Platforms/MacOSX.platform/Developer/SDKs/MacOSX12.1.sdk] ==> ignore
    arg [-weak_reference_mismatches] ==> ignore
    arg [non-weak] ==> ignore
    arg [-o] ==> ignore
    arg [cmTC_e5237] ==> ignore
    arg [-L/usr/local/Cellar/gcc/9.2.0_3/lib/gcc/9/gcc/x86_64-apple-darwin19/9.2.0] ==> dir [/usr/local/Cellar/gcc/9.2.0_3/lib/gcc/9/gcc/x86_64-apple-darwin19/9.2.0]
    arg [-L/usr/local/Cellar/gcc/9.2.0_3/lib/gcc/9/gcc/x86_64-apple-darwin19/9.2.0/../../..] ==> dir [/usr/local/Cellar/gcc/9.2.0_3/lib/gcc/9/gcc/x86_64-apple-darwin19/9.2.0/../../..]
    arg [-search_paths_first] ==> ignore
    arg [-headerpad_max_install_names] ==> ignore
    arg [-v] ==> ignore
    arg [CMakeFiles/cmTC_e5237.dir/CMakeCXXCompilerABI.cpp.o] ==> ignore
    arg [-lstdc++] ==> lib [stdc++]
    arg [-no_compact_unwind] ==> ignore
    arg [-lSystem] ==> lib [System]
    arg [-lgcc_ext.10.5] ==> lib [gcc_ext.10.5]
    arg [-lgcc] ==> lib [gcc]
    arg [-lSystem] ==> lib [System]
    arg [-v] ==> ignore
  Library search paths: [;/usr/local/Cellar/gcc/9.2.0_3/lib/gcc/9/gcc/x86_64-apple-darwin19/9.2.0;/usr/local/Cellar/gcc/9.2.0_3/lib/gcc/9;/Applications/Xcode.app/Contents/Developer/Platforms/MacOSX.platform/Developer/SDKs/MacOSX12.1.sdk/usr/lib]
  Framework search paths: [;/Applications/Xcode.app/Contents/Developer/Platforms/MacOSX.platform/Developer/SDKs/MacOSX12.1.sdk/System/Library/Frameworks/]
  remove lib [System]
  remove lib [System]
  collapse library dir [/usr/local/Cellar/gcc/9.2.0_3/lib/gcc/9/gcc/x86_64-apple-darwin19/9.2.0] ==> [/usr/local/Cellar/gcc/9.2.0_3/lib/gcc/9/gcc/x86_64-apple-darwin19/9.2.0]
  collapse library dir [/usr/local/Cellar/gcc/9.2.0_3/lib/gcc/9/gcc/x86_64-apple-darwin19/9.2.0/../../..] ==> [/usr/local/Cellar/gcc/9.2.0_3/lib/gcc/9]
  collapse library dir [/usr/local/Cellar/gcc/9.2.0_3/lib/gcc/9/gcc/x86_64-apple-darwin19/9.2.0] ==> [/usr/local/Cellar/gcc/9.2.0_3/lib/gcc/9/gcc/x86_64-apple-darwin19/9.2.0]
  collapse library dir [/usr/local/Cellar/gcc/9.2.0_3/lib/gcc/9] ==> [/usr/local/Cellar/gcc/9.2.0_3/lib/gcc/9]
  collapse library dir [/Applications/Xcode.app/Contents/Developer/Platforms/MacOSX.platform/Developer/SDKs/MacOSX12.1.sdk/usr/lib] ==> [/Applications/Xcode.app/Contents/Developer/Platforms/MacOSX.platform/Developer/SDKs/MacOSX12.1.sdk/usr/lib]
  collapse framework dir [/Applications/Xcode.app/Contents/Developer/Platforms/MacOSX.platform/Developer/SDKs/MacOSX12.1.sdk/System/Library/Frameworks/] ==> [/Applications/Xcode.app/Contents/Developer/Platforms/MacOSX.platform/Developer/SDKs/MacOSX12.1.sdk/System/Library/Frameworks]
  implicit libs: [stdc++;gcc_ext.10.5;gcc]
  implicit dirs: [/usr/local/Cellar/gcc/9.2.0_3/lib/gcc/9/gcc/x86_64-apple-darwin19/9.2.0;/usr/local/Cellar/gcc/9.2.0_3/lib/gcc/9;/Applications/Xcode.app/Contents/Developer/Platforms/MacOSX.platform/Developer/SDKs/MacOSX12.1.sdk/usr/lib]
  implicit fwks: [/Applications/Xcode.app/Contents/Developer/Platforms/MacOSX.platform/Developer/SDKs/MacOSX12.1.sdk/System/Library/Frameworks]


